ARM GAS  C:\Users\Kervins\AppData\Local\Temp\ccOiT2TQ.s 			page 1


   1              		.cpu cortex-m0
   2              		.fpu softvfp
   3              		.eabi_attribute 20, 1
   4              		.eabi_attribute 21, 1
   5              		.eabi_attribute 23, 3
   6              		.eabi_attribute 24, 1
   7              		.eabi_attribute 25, 1
   8              		.eabi_attribute 26, 1
   9              		.eabi_attribute 30, 6
  10              		.eabi_attribute 34, 0
  11              		.eabi_attribute 18, 4
  12              		.code	16
  13              		.file	"cyfitter_cfg.c"
  14              		.text
  15              	.Ltext0:
  16              		.cfi_sections	.debug_frame
  17              		.section	.text.CYMEMZERO,"ax",%progbits
  18              		.align	2
  19              		.code	16
  20              		.thumb_func
  21              		.type	CYMEMZERO, %function
  22              	CYMEMZERO:
  23              	.LFB2:
  24              		.file 1 ".\\Generated_Source\\PSoC4\\cyfitter_cfg.c"
   1:.\Generated_Source\PSoC4/cyfitter_cfg.c **** /*******************************************************************************
   2:.\Generated_Source\PSoC4/cyfitter_cfg.c **** * FILENAME: cyfitter_cfg.c
   3:.\Generated_Source\PSoC4/cyfitter_cfg.c **** * PSoC Creator  3.1 Component Pack 1
   4:.\Generated_Source\PSoC4/cyfitter_cfg.c **** *
   5:.\Generated_Source\PSoC4/cyfitter_cfg.c **** * Description:
   6:.\Generated_Source\PSoC4/cyfitter_cfg.c **** * This file is automatically generated by PSoC Creator with device 
   7:.\Generated_Source\PSoC4/cyfitter_cfg.c **** * initialization code.  Except for the user defined sections in
   8:.\Generated_Source\PSoC4/cyfitter_cfg.c **** * CyClockStartupError(), this file should not be modified.
   9:.\Generated_Source\PSoC4/cyfitter_cfg.c **** *
  10:.\Generated_Source\PSoC4/cyfitter_cfg.c **** ********************************************************************************
  11:.\Generated_Source\PSoC4/cyfitter_cfg.c **** * Copyright 2013, Cypress Semiconductor Corporation.  All rights reserved.
  12:.\Generated_Source\PSoC4/cyfitter_cfg.c **** * You may use this file only in accordance with the license, terms, conditions, 
  13:.\Generated_Source\PSoC4/cyfitter_cfg.c **** * disclaimers, and limitations in the end user license agreement accompanying 
  14:.\Generated_Source\PSoC4/cyfitter_cfg.c **** * the software package with which this file was provided.
  15:.\Generated_Source\PSoC4/cyfitter_cfg.c **** ********************************************************************************/
  16:.\Generated_Source\PSoC4/cyfitter_cfg.c **** 
  17:.\Generated_Source\PSoC4/cyfitter_cfg.c **** #include <string.h>
  18:.\Generated_Source\PSoC4/cyfitter_cfg.c **** #include <cytypes.h>
  19:.\Generated_Source\PSoC4/cyfitter_cfg.c **** #include <cydevice_trm.h>
  20:.\Generated_Source\PSoC4/cyfitter_cfg.c **** #include <cyfitter.h>
  21:.\Generated_Source\PSoC4/cyfitter_cfg.c **** #include <CyLib.h>
  22:.\Generated_Source\PSoC4/cyfitter_cfg.c **** #include <cyfitter_cfg.h>
  23:.\Generated_Source\PSoC4/cyfitter_cfg.c **** 
  24:.\Generated_Source\PSoC4/cyfitter_cfg.c **** 
  25:.\Generated_Source\PSoC4/cyfitter_cfg.c **** #if defined(__GNUC__) || defined(__ARMCC_VERSION)
  26:.\Generated_Source\PSoC4/cyfitter_cfg.c ****     #define CYPACKED 
  27:.\Generated_Source\PSoC4/cyfitter_cfg.c ****     #define CYPACKED_ATTR __attribute__ ((packed))
  28:.\Generated_Source\PSoC4/cyfitter_cfg.c ****     #define CYALIGNED __attribute__ ((aligned))
  29:.\Generated_Source\PSoC4/cyfitter_cfg.c ****     #define CY_CFG_UNUSED __attribute__ ((unused))
  30:.\Generated_Source\PSoC4/cyfitter_cfg.c ****     #define CY_CFG_SECTION __attribute__ ((section(".psocinit")))
  31:.\Generated_Source\PSoC4/cyfitter_cfg.c ****     
  32:.\Generated_Source\PSoC4/cyfitter_cfg.c ****     #if defined(__ARMCC_VERSION)
  33:.\Generated_Source\PSoC4/cyfitter_cfg.c ****         #define CY_CFG_MEMORY_BARRIER() __memory_changed()
ARM GAS  C:\Users\Kervins\AppData\Local\Temp\ccOiT2TQ.s 			page 2


  34:.\Generated_Source\PSoC4/cyfitter_cfg.c ****     #else
  35:.\Generated_Source\PSoC4/cyfitter_cfg.c ****         #define CY_CFG_MEMORY_BARRIER() __sync_synchronize()
  36:.\Generated_Source\PSoC4/cyfitter_cfg.c ****     #endif
  37:.\Generated_Source\PSoC4/cyfitter_cfg.c ****     
  38:.\Generated_Source\PSoC4/cyfitter_cfg.c **** #elif defined(__ICCARM__)
  39:.\Generated_Source\PSoC4/cyfitter_cfg.c ****     #include <intrinsics.h>
  40:.\Generated_Source\PSoC4/cyfitter_cfg.c **** 
  41:.\Generated_Source\PSoC4/cyfitter_cfg.c ****     #define CYPACKED __packed
  42:.\Generated_Source\PSoC4/cyfitter_cfg.c ****     #define CYPACKED_ATTR 
  43:.\Generated_Source\PSoC4/cyfitter_cfg.c ****     #define CYALIGNED _Pragma("data_alignment=4")
  44:.\Generated_Source\PSoC4/cyfitter_cfg.c ****     #define CY_CFG_UNUSED _Pragma("diag_suppress=Pe177")
  45:.\Generated_Source\PSoC4/cyfitter_cfg.c ****     #define CY_CFG_SECTION _Pragma("location=\".psocinit\"")
  46:.\Generated_Source\PSoC4/cyfitter_cfg.c ****     
  47:.\Generated_Source\PSoC4/cyfitter_cfg.c ****     #define CY_CFG_MEMORY_BARRIER() __DMB()
  48:.\Generated_Source\PSoC4/cyfitter_cfg.c ****     
  49:.\Generated_Source\PSoC4/cyfitter_cfg.c **** #else
  50:.\Generated_Source\PSoC4/cyfitter_cfg.c ****     #error Unsupported toolchain
  51:.\Generated_Source\PSoC4/cyfitter_cfg.c **** #endif
  52:.\Generated_Source\PSoC4/cyfitter_cfg.c **** 
  53:.\Generated_Source\PSoC4/cyfitter_cfg.c **** 
  54:.\Generated_Source\PSoC4/cyfitter_cfg.c **** CY_CFG_UNUSED
  55:.\Generated_Source\PSoC4/cyfitter_cfg.c **** static void CYMEMZERO(void *s, size_t n);
  56:.\Generated_Source\PSoC4/cyfitter_cfg.c **** CY_CFG_UNUSED
  57:.\Generated_Source\PSoC4/cyfitter_cfg.c **** static void CYMEMZERO(void *s, size_t n)
  58:.\Generated_Source\PSoC4/cyfitter_cfg.c **** {
  25              		.loc 1 58 0
  26              		.cfi_startproc
  27 0000 80B5     		push	{r7, lr}
  28              		.cfi_def_cfa_offset 8
  29              		.cfi_offset 7, -8
  30              		.cfi_offset 14, -4
  31 0002 82B0     		sub	sp, sp, #8
  32              		.cfi_def_cfa_offset 16
  33 0004 00AF     		add	r7, sp, #0
  34              		.cfi_def_cfa_register 7
  35 0006 7860     		str	r0, [r7, #4]
  36 0008 3960     		str	r1, [r7]
  59:.\Generated_Source\PSoC4/cyfitter_cfg.c **** 	(void)memset(s, 0, n);
  37              		.loc 1 59 0
  38 000a 7A68     		ldr	r2, [r7, #4]
  39 000c 3B68     		ldr	r3, [r7]
  40 000e 101C     		mov	r0, r2
  41 0010 0021     		mov	r1, #0
  42 0012 1A1C     		mov	r2, r3
  43 0014 FFF7FEFF 		bl	memset
  60:.\Generated_Source\PSoC4/cyfitter_cfg.c **** }
  44              		.loc 1 60 0
  45 0018 BD46     		mov	sp, r7
  46 001a 02B0     		add	sp, sp, #8
  47              		@ sp needed
  48 001c 80BD     		pop	{r7, pc}
  49              		.cfi_endproc
  50              	.LFE2:
  51              		.size	CYMEMZERO, .-CYMEMZERO
  52 001e C046     		.section	.text.CYCONFIGCPY,"ax",%progbits
  53              		.align	2
  54              		.code	16
ARM GAS  C:\Users\Kervins\AppData\Local\Temp\ccOiT2TQ.s 			page 3


  55              		.thumb_func
  56              		.type	CYCONFIGCPY, %function
  57              	CYCONFIGCPY:
  58              	.LFB3:
  61:.\Generated_Source\PSoC4/cyfitter_cfg.c **** CY_CFG_UNUSED
  62:.\Generated_Source\PSoC4/cyfitter_cfg.c **** static void CYCONFIGCPY(void *dest, const void *src, size_t n);
  63:.\Generated_Source\PSoC4/cyfitter_cfg.c **** CY_CFG_UNUSED
  64:.\Generated_Source\PSoC4/cyfitter_cfg.c **** static void CYCONFIGCPY(void *dest, const void *src, size_t n)
  65:.\Generated_Source\PSoC4/cyfitter_cfg.c **** {
  59              		.loc 1 65 0
  60              		.cfi_startproc
  61 0000 80B5     		push	{r7, lr}
  62              		.cfi_def_cfa_offset 8
  63              		.cfi_offset 7, -8
  64              		.cfi_offset 14, -4
  65 0002 84B0     		sub	sp, sp, #16
  66              		.cfi_def_cfa_offset 24
  67 0004 00AF     		add	r7, sp, #0
  68              		.cfi_def_cfa_register 7
  69 0006 F860     		str	r0, [r7, #12]
  70 0008 B960     		str	r1, [r7, #8]
  71 000a 7A60     		str	r2, [r7, #4]
  66:.\Generated_Source\PSoC4/cyfitter_cfg.c **** 	(void)memcpy(dest, src, n);
  72              		.loc 1 66 0
  73 000c F968     		ldr	r1, [r7, #12]
  74 000e BA68     		ldr	r2, [r7, #8]
  75 0010 7B68     		ldr	r3, [r7, #4]
  76 0012 081C     		mov	r0, r1
  77 0014 111C     		mov	r1, r2
  78 0016 1A1C     		mov	r2, r3
  79 0018 FFF7FEFF 		bl	memcpy
  67:.\Generated_Source\PSoC4/cyfitter_cfg.c **** }
  80              		.loc 1 67 0
  81 001c BD46     		mov	sp, r7
  82 001e 04B0     		add	sp, sp, #16
  83              		@ sp needed
  84 0020 80BD     		pop	{r7, pc}
  85              		.cfi_endproc
  86              	.LFE3:
  87              		.size	CYCONFIGCPY, .-CYCONFIGCPY
  88 0022 C046     		.section	.text.CYCONFIGCPYCODE,"ax",%progbits
  89              		.align	2
  90              		.code	16
  91              		.thumb_func
  92              		.type	CYCONFIGCPYCODE, %function
  93              	CYCONFIGCPYCODE:
  94              	.LFB4:
  68:.\Generated_Source\PSoC4/cyfitter_cfg.c **** CY_CFG_UNUSED
  69:.\Generated_Source\PSoC4/cyfitter_cfg.c **** static void CYCONFIGCPYCODE(void *dest, const void *src, size_t n);
  70:.\Generated_Source\PSoC4/cyfitter_cfg.c **** CY_CFG_UNUSED
  71:.\Generated_Source\PSoC4/cyfitter_cfg.c **** static void CYCONFIGCPYCODE(void *dest, const void *src, size_t n)
  72:.\Generated_Source\PSoC4/cyfitter_cfg.c **** {
  95              		.loc 1 72 0
  96              		.cfi_startproc
  97 0000 80B5     		push	{r7, lr}
  98              		.cfi_def_cfa_offset 8
  99              		.cfi_offset 7, -8
ARM GAS  C:\Users\Kervins\AppData\Local\Temp\ccOiT2TQ.s 			page 4


 100              		.cfi_offset 14, -4
 101 0002 84B0     		sub	sp, sp, #16
 102              		.cfi_def_cfa_offset 24
 103 0004 00AF     		add	r7, sp, #0
 104              		.cfi_def_cfa_register 7
 105 0006 F860     		str	r0, [r7, #12]
 106 0008 B960     		str	r1, [r7, #8]
 107 000a 7A60     		str	r2, [r7, #4]
  73:.\Generated_Source\PSoC4/cyfitter_cfg.c **** 	(void)memcpy(dest, src, n);
 108              		.loc 1 73 0
 109 000c F968     		ldr	r1, [r7, #12]
 110 000e BA68     		ldr	r2, [r7, #8]
 111 0010 7B68     		ldr	r3, [r7, #4]
 112 0012 081C     		mov	r0, r1
 113 0014 111C     		mov	r1, r2
 114 0016 1A1C     		mov	r2, r3
 115 0018 FFF7FEFF 		bl	memcpy
  74:.\Generated_Source\PSoC4/cyfitter_cfg.c **** }
 116              		.loc 1 74 0
 117 001c BD46     		mov	sp, r7
 118 001e 04B0     		add	sp, sp, #16
 119              		@ sp needed
 120 0020 80BD     		pop	{r7, pc}
 121              		.cfi_endproc
 122              	.LFE4:
 123              		.size	CYCONFIGCPYCODE, .-CYCONFIGCPYCODE
 124 0022 C046     		.section	.psocinit,"ax",%progbits
 125              		.align	2
 126              		.code	16
 127              		.thumb_func
 128              		.type	SetIMOBGTrims, %function
 129              	SetIMOBGTrims:
 130              	.LFB5:
  75:.\Generated_Source\PSoC4/cyfitter_cfg.c **** 
  76:.\Generated_Source\PSoC4/cyfitter_cfg.c **** 
  77:.\Generated_Source\PSoC4/cyfitter_cfg.c **** 
  78:.\Generated_Source\PSoC4/cyfitter_cfg.c **** /* Clock startup error codes                                                   */
  79:.\Generated_Source\PSoC4/cyfitter_cfg.c **** #define CYCLOCKSTART_NO_ERROR    0u
  80:.\Generated_Source\PSoC4/cyfitter_cfg.c **** #define CYCLOCKSTART_XTAL_ERROR  1u
  81:.\Generated_Source\PSoC4/cyfitter_cfg.c **** #define CYCLOCKSTART_32KHZ_ERROR 2u
  82:.\Generated_Source\PSoC4/cyfitter_cfg.c **** #define CYCLOCKSTART_PLL_ERROR   3u
  83:.\Generated_Source\PSoC4/cyfitter_cfg.c **** 
  84:.\Generated_Source\PSoC4/cyfitter_cfg.c **** #ifdef CY_NEED_CYCLOCKSTARTUPERROR
  85:.\Generated_Source\PSoC4/cyfitter_cfg.c **** /*******************************************************************************
  86:.\Generated_Source\PSoC4/cyfitter_cfg.c **** * Function Name: CyClockStartupError
  87:.\Generated_Source\PSoC4/cyfitter_cfg.c **** ********************************************************************************
  88:.\Generated_Source\PSoC4/cyfitter_cfg.c **** * Summary:
  89:.\Generated_Source\PSoC4/cyfitter_cfg.c **** *  If an error is encountered during clock configuration (crystal startup error,
  90:.\Generated_Source\PSoC4/cyfitter_cfg.c **** *  PLL lock error, etc.), the system will end up here.  Unless reimplemented by
  91:.\Generated_Source\PSoC4/cyfitter_cfg.c **** *  the customer, this function will stop in an infinite loop.
  92:.\Generated_Source\PSoC4/cyfitter_cfg.c **** *
  93:.\Generated_Source\PSoC4/cyfitter_cfg.c **** * Parameters:
  94:.\Generated_Source\PSoC4/cyfitter_cfg.c **** *   void
  95:.\Generated_Source\PSoC4/cyfitter_cfg.c **** *
  96:.\Generated_Source\PSoC4/cyfitter_cfg.c **** * Return:
  97:.\Generated_Source\PSoC4/cyfitter_cfg.c **** *   void
  98:.\Generated_Source\PSoC4/cyfitter_cfg.c **** *
ARM GAS  C:\Users\Kervins\AppData\Local\Temp\ccOiT2TQ.s 			page 5


  99:.\Generated_Source\PSoC4/cyfitter_cfg.c **** *******************************************************************************/
 100:.\Generated_Source\PSoC4/cyfitter_cfg.c **** CY_CFG_UNUSED
 101:.\Generated_Source\PSoC4/cyfitter_cfg.c **** static void CyClockStartupError(uint8 errorCode);
 102:.\Generated_Source\PSoC4/cyfitter_cfg.c **** CY_CFG_UNUSED
 103:.\Generated_Source\PSoC4/cyfitter_cfg.c **** static void CyClockStartupError(uint8 errorCode)
 104:.\Generated_Source\PSoC4/cyfitter_cfg.c **** {
 105:.\Generated_Source\PSoC4/cyfitter_cfg.c ****     /* To remove the compiler warning if errorCode not used.                */
 106:.\Generated_Source\PSoC4/cyfitter_cfg.c ****     errorCode = errorCode;
 107:.\Generated_Source\PSoC4/cyfitter_cfg.c **** 
 108:.\Generated_Source\PSoC4/cyfitter_cfg.c ****     /* `#START CyClockStartupError` */
 109:.\Generated_Source\PSoC4/cyfitter_cfg.c **** 
 110:.\Generated_Source\PSoC4/cyfitter_cfg.c ****     /* If we have a clock startup error (bad MHz crystal, PLL lock, etc.),  */
 111:.\Generated_Source\PSoC4/cyfitter_cfg.c ****     /* we will end up here to allow the customer to implement something to  */
 112:.\Generated_Source\PSoC4/cyfitter_cfg.c ****     /* deal with the clock condition.                                       */
 113:.\Generated_Source\PSoC4/cyfitter_cfg.c **** 
 114:.\Generated_Source\PSoC4/cyfitter_cfg.c ****     /* `#END` */
 115:.\Generated_Source\PSoC4/cyfitter_cfg.c **** 
 116:.\Generated_Source\PSoC4/cyfitter_cfg.c ****     /* If nothing else, stop here since the clocks have not started         */
 117:.\Generated_Source\PSoC4/cyfitter_cfg.c ****     /* correctly.                                                           */
 118:.\Generated_Source\PSoC4/cyfitter_cfg.c ****     while(1) {}
 119:.\Generated_Source\PSoC4/cyfitter_cfg.c **** }
 120:.\Generated_Source\PSoC4/cyfitter_cfg.c **** #endif
 121:.\Generated_Source\PSoC4/cyfitter_cfg.c **** 
 122:.\Generated_Source\PSoC4/cyfitter_cfg.c **** 
 123:.\Generated_Source\PSoC4/cyfitter_cfg.c **** /*******************************************************************************
 124:.\Generated_Source\PSoC4/cyfitter_cfg.c **** * Function Name: SetIMOBGTrims
 125:.\Generated_Source\PSoC4/cyfitter_cfg.c **** ********************************************************************************
 126:.\Generated_Source\PSoC4/cyfitter_cfg.c **** *
 127:.\Generated_Source\PSoC4/cyfitter_cfg.c **** * Summary:
 128:.\Generated_Source\PSoC4/cyfitter_cfg.c **** *   Performs the configuration of the bandgap trim for the IMO based on the given
 129:.\Generated_Source\PSoC4/cyfitter_cfg.c **** *   expected frequency of the IMO. 
 130:.\Generated_Source\PSoC4/cyfitter_cfg.c **** *
 131:.\Generated_Source\PSoC4/cyfitter_cfg.c **** * Parameters:
 132:.\Generated_Source\PSoC4/cyfitter_cfg.c **** *   imoFreq: Frequency for operation of the IMO.
 133:.\Generated_Source\PSoC4/cyfitter_cfg.c **** *
 134:.\Generated_Source\PSoC4/cyfitter_cfg.c **** * Return:
 135:.\Generated_Source\PSoC4/cyfitter_cfg.c **** *   void
 136:.\Generated_Source\PSoC4/cyfitter_cfg.c **** *
 137:.\Generated_Source\PSoC4/cyfitter_cfg.c **** *******************************************************************************/
 138:.\Generated_Source\PSoC4/cyfitter_cfg.c **** static void SetIMOBGTrims(uint8 imoFreq);
 139:.\Generated_Source\PSoC4/cyfitter_cfg.c **** CY_CFG_SECTION
 140:.\Generated_Source\PSoC4/cyfitter_cfg.c **** static void SetIMOBGTrims(uint8 imoFreq)
 141:.\Generated_Source\PSoC4/cyfitter_cfg.c **** {
 131              		.loc 1 141 0
 132              		.cfi_startproc
 133 0000 80B5     		push	{r7, lr}
 134              		.cfi_def_cfa_offset 8
 135              		.cfi_offset 7, -8
 136              		.cfi_offset 14, -4
 137 0002 84B0     		sub	sp, sp, #16
 138              		.cfi_def_cfa_offset 24
 139 0004 00AF     		add	r7, sp, #0
 140              		.cfi_def_cfa_register 7
 141 0006 021C     		mov	r2, r0
 142 0008 FB1D     		add	r3, r7, #7
 143 000a 1A70     		strb	r2, [r3]
 142:.\Generated_Source\PSoC4/cyfitter_cfg.c **** 	CYPACKED typedef struct {
ARM GAS  C:\Users\Kervins\AppData\Local\Temp\ccOiT2TQ.s 			page 6


 143:.\Generated_Source\PSoC4/cyfitter_cfg.c **** 		uint8 freq;
 144:.\Generated_Source\PSoC4/cyfitter_cfg.c **** 		uint8 absolute;
 145:.\Generated_Source\PSoC4/cyfitter_cfg.c **** 		uint8 tmpco;
 146:.\Generated_Source\PSoC4/cyfitter_cfg.c **** 	} CYPACKED_ATTR imo_trim_entry_t;
 147:.\Generated_Source\PSoC4/cyfitter_cfg.c **** 
 148:.\Generated_Source\PSoC4/cyfitter_cfg.c **** 	CYPACKED typedef struct {
 149:.\Generated_Source\PSoC4/cyfitter_cfg.c **** 		imo_trim_entry_t entries[4];
 150:.\Generated_Source\PSoC4/cyfitter_cfg.c **** 	} CYPACKED_ATTR imo_trim_table_t;
 151:.\Generated_Source\PSoC4/cyfitter_cfg.c **** 
 152:.\Generated_Source\PSoC4/cyfitter_cfg.c **** 	static const imo_trim_table_t *imo_trim_table = (const imo_trim_table_t *)CYREG_SFLASH_IMO_MAXF0;
 153:.\Generated_Source\PSoC4/cyfitter_cfg.c **** 	static const uint32 IMO_TRIM_FREQ_TABLE_ENTRIES = sizeof(imo_trim_table->entries)/sizeof(imo_trim_
 154:.\Generated_Source\PSoC4/cyfitter_cfg.c **** 
 155:.\Generated_Source\PSoC4/cyfitter_cfg.c **** 	int32 imoTrimIndex;
 156:.\Generated_Source\PSoC4/cyfitter_cfg.c **** 	uint8 setAbs;
 157:.\Generated_Source\PSoC4/cyfitter_cfg.c **** 	uint8 setTmpCo;
 158:.\Generated_Source\PSoC4/cyfitter_cfg.c **** 
 159:.\Generated_Source\PSoC4/cyfitter_cfg.c **** 	/* Traverse the SFLASH IMO frequency-dependent bandgap trim table to
 160:.\Generated_Source\PSoC4/cyfitter_cfg.c **** 	 * locate the appropriate value to trim the IMO bandgap based on freq. */
 161:.\Generated_Source\PSoC4/cyfitter_cfg.c **** 	setAbs = CY_GET_REG8((const void *)CYREG_SFLASH_IMO_ABS4);
 144              		.loc 1 161 0
 145 000c 204A     		ldr	r2, .L8
 146 000e 3B1C     		mov	r3, r7
 147 0010 0B33     		add	r3, r3, #11
 148 0012 1278     		ldrb	r2, [r2]
 149 0014 1A70     		strb	r2, [r3]
 162:.\Generated_Source\PSoC4/cyfitter_cfg.c **** 	setTmpCo = CY_GET_REG8((const void *)CYREG_SFLASH_IMO_TMPCO4);
 150              		.loc 1 162 0
 151 0016 1F4A     		ldr	r2, .L8+4
 152 0018 3B1C     		mov	r3, r7
 153 001a 0A33     		add	r3, r3, #10
 154 001c 1278     		ldrb	r2, [r2]
 155 001e 1A70     		strb	r2, [r3]
 163:.\Generated_Source\PSoC4/cyfitter_cfg.c **** 	for (imoTrimIndex = ((int32)IMO_TRIM_FREQ_TABLE_ENTRIES)-1;
 156              		.loc 1 163 0
 157 0020 0423     		mov	r3, #4
 158 0022 013B     		sub	r3, r3, #1
 159 0024 FB60     		str	r3, [r7, #12]
 160 0026 18E0     		b	.L5
 161              	.L7:
 164:.\Generated_Source\PSoC4/cyfitter_cfg.c **** 	     (imoTrimIndex >= 0) && (imoFreq <= imo_trim_table->entries[imoTrimIndex].freq);
 165:.\Generated_Source\PSoC4/cyfitter_cfg.c **** 	     imoTrimIndex--)
 166:.\Generated_Source\PSoC4/cyfitter_cfg.c **** 	{
 167:.\Generated_Source\PSoC4/cyfitter_cfg.c **** 		setAbs = imo_trim_table->entries[imoTrimIndex].absolute;
 162              		.loc 1 167 0
 163 0028 1B4B     		ldr	r3, .L8+8
 164 002a 1868     		ldr	r0, [r3]
 165 002c 391C     		mov	r1, r7
 166 002e 0B31     		add	r1, r1, #11
 167 0030 FA68     		ldr	r2, [r7, #12]
 168 0032 131C     		mov	r3, r2
 169 0034 5B00     		lsl	r3, r3, #1
 170 0036 9B18     		add	r3, r3, r2
 171 0038 C318     		add	r3, r0, r3
 172 003a 5B78     		ldrb	r3, [r3, #1]
 173 003c 0B70     		strb	r3, [r1]
 168:.\Generated_Source\PSoC4/cyfitter_cfg.c **** 		setTmpCo = imo_trim_table->entries[imoTrimIndex].tmpco;
 174              		.loc 1 168 0
ARM GAS  C:\Users\Kervins\AppData\Local\Temp\ccOiT2TQ.s 			page 7


 175 003e 164B     		ldr	r3, .L8+8
 176 0040 1868     		ldr	r0, [r3]
 177 0042 391C     		mov	r1, r7
 178 0044 0A31     		add	r1, r1, #10
 179 0046 FA68     		ldr	r2, [r7, #12]
 180 0048 131C     		mov	r3, r2
 181 004a 5B00     		lsl	r3, r3, #1
 182 004c 9B18     		add	r3, r3, r2
 183 004e C318     		add	r3, r0, r3
 184 0050 9B78     		ldrb	r3, [r3, #2]
 185 0052 0B70     		strb	r3, [r1]
 165:.\Generated_Source\PSoC4/cyfitter_cfg.c **** 	     imoTrimIndex--)
 186              		.loc 1 165 0
 187 0054 FB68     		ldr	r3, [r7, #12]
 188 0056 013B     		sub	r3, r3, #1
 189 0058 FB60     		str	r3, [r7, #12]
 190              	.L5:
 163:.\Generated_Source\PSoC4/cyfitter_cfg.c **** 	for (imoTrimIndex = ((int32)IMO_TRIM_FREQ_TABLE_ENTRIES)-1;
 191              		.loc 1 163 0 discriminator 1
 192 005a FB68     		ldr	r3, [r7, #12]
 193 005c 002B     		cmp	r3, #0
 194 005e 0ADB     		blt	.L6
 164:.\Generated_Source\PSoC4/cyfitter_cfg.c **** 	     (imoTrimIndex >= 0) && (imoFreq <= imo_trim_table->entries[imoTrimIndex].freq);
 195              		.loc 1 164 0
 196 0060 0D4B     		ldr	r3, .L8+8
 197 0062 1968     		ldr	r1, [r3]
 198 0064 FA68     		ldr	r2, [r7, #12]
 199 0066 131C     		mov	r3, r2
 200 0068 5B00     		lsl	r3, r3, #1
 201 006a 9B18     		add	r3, r3, r2
 202 006c 5B5C     		ldrb	r3, [r3, r1]
 203 006e FA1D     		add	r2, r7, #7
 204 0070 1278     		ldrb	r2, [r2]
 205 0072 9A42     		cmp	r2, r3
 206 0074 D8D9     		bls	.L7
 207              	.L6:
 169:.\Generated_Source\PSoC4/cyfitter_cfg.c **** 	}
 170:.\Generated_Source\PSoC4/cyfitter_cfg.c **** 
 171:.\Generated_Source\PSoC4/cyfitter_cfg.c **** 	CY_SET_REG32((void *)CYREG_PWR_BG_TRIM4, setAbs);
 208              		.loc 1 171 0
 209 0076 094B     		ldr	r3, .L8+12
 210 0078 3A1C     		mov	r2, r7
 211 007a 0B32     		add	r2, r2, #11
 212 007c 1278     		ldrb	r2, [r2]
 213 007e 1A60     		str	r2, [r3]
 172:.\Generated_Source\PSoC4/cyfitter_cfg.c **** 	CY_SET_REG32((void *)CYREG_PWR_BG_TRIM5, setTmpCo);
 214              		.loc 1 172 0
 215 0080 074B     		ldr	r3, .L8+16
 216 0082 3A1C     		mov	r2, r7
 217 0084 0A32     		add	r2, r2, #10
 218 0086 1278     		ldrb	r2, [r2]
 219 0088 1A60     		str	r2, [r3]
 173:.\Generated_Source\PSoC4/cyfitter_cfg.c **** }
 220              		.loc 1 173 0
 221 008a BD46     		mov	sp, r7
 222 008c 04B0     		add	sp, sp, #16
 223              		@ sp needed
ARM GAS  C:\Users\Kervins\AppData\Local\Temp\ccOiT2TQ.s 			page 8


 224 008e 80BD     		pop	{r7, pc}
 225              	.L9:
 226              		.align	2
 227              	.L8:
 228 0090 CCF1FF0F 		.word	268431820
 229 0094 CDF1FF0F 		.word	268431821
 230 0098 00000000 		.word	imo_trim_table.4717
 231 009c 1CFF0B40 		.word	1074528028
 232 00a0 20FF0B40 		.word	1074528032
 233              		.cfi_endproc
 234              	.LFE5:
 235              		.size	SetIMOBGTrims, .-SetIMOBGTrims
 236              		.align	2
 237              		.code	16
 238              		.thumb_func
 239              		.type	ClockSetup, %function
 240              	ClockSetup:
 241              	.LFB6:
 174:.\Generated_Source\PSoC4/cyfitter_cfg.c **** 
 175:.\Generated_Source\PSoC4/cyfitter_cfg.c **** 
 176:.\Generated_Source\PSoC4/cyfitter_cfg.c **** 
 177:.\Generated_Source\PSoC4/cyfitter_cfg.c **** /*******************************************************************************
 178:.\Generated_Source\PSoC4/cyfitter_cfg.c **** * Function Name: ClockSetup
 179:.\Generated_Source\PSoC4/cyfitter_cfg.c **** ********************************************************************************
 180:.\Generated_Source\PSoC4/cyfitter_cfg.c **** *
 181:.\Generated_Source\PSoC4/cyfitter_cfg.c **** * Summary:
 182:.\Generated_Source\PSoC4/cyfitter_cfg.c **** *   Performs the initialization of all of the clocks in the device based on the
 183:.\Generated_Source\PSoC4/cyfitter_cfg.c **** *   settings in the Clock tab of the DWR.  This includes enabling the requested
 184:.\Generated_Source\PSoC4/cyfitter_cfg.c **** *   clocks and setting the necessary dividers to produce the desired frequency. 
 185:.\Generated_Source\PSoC4/cyfitter_cfg.c **** *
 186:.\Generated_Source\PSoC4/cyfitter_cfg.c **** * Parameters:
 187:.\Generated_Source\PSoC4/cyfitter_cfg.c **** *   void
 188:.\Generated_Source\PSoC4/cyfitter_cfg.c **** *
 189:.\Generated_Source\PSoC4/cyfitter_cfg.c **** * Return:
 190:.\Generated_Source\PSoC4/cyfitter_cfg.c **** *   void
 191:.\Generated_Source\PSoC4/cyfitter_cfg.c **** *
 192:.\Generated_Source\PSoC4/cyfitter_cfg.c **** *******************************************************************************/
 193:.\Generated_Source\PSoC4/cyfitter_cfg.c **** static void ClockSetup(void);
 194:.\Generated_Source\PSoC4/cyfitter_cfg.c **** CY_CFG_SECTION
 195:.\Generated_Source\PSoC4/cyfitter_cfg.c **** static void ClockSetup(void)
 196:.\Generated_Source\PSoC4/cyfitter_cfg.c **** {
 242              		.loc 1 196 0
 243              		.cfi_startproc
 244 00a4 80B5     		push	{r7, lr}
 245              		.cfi_def_cfa_offset 8
 246              		.cfi_offset 7, -8
 247              		.cfi_offset 14, -4
 248 00a6 00AF     		add	r7, sp, #0
 249              		.cfi_def_cfa_register 7
 197:.\Generated_Source\PSoC4/cyfitter_cfg.c **** 
 198:.\Generated_Source\PSoC4/cyfitter_cfg.c **** 	/* Set Flash Cycles based on max possible frequency in case a glitch occurs during ClockSetup(). *
 199:.\Generated_Source\PSoC4/cyfitter_cfg.c **** 	CY_SET_REG32((void CYXDATA *)(CYREG_CPUSS_FLASH_CTL), (0x0012u));
 250              		.loc 1 199 0
 251 00a8 1E4B     		ldr	r3, .L11
 252 00aa 1222     		mov	r2, #18
 253 00ac 1A60     		str	r2, [r3]
 200:.\Generated_Source\PSoC4/cyfitter_cfg.c **** 	/* Trim IMO BG based on desired frequency. */
ARM GAS  C:\Users\Kervins\AppData\Local\Temp\ccOiT2TQ.s 			page 9


 201:.\Generated_Source\PSoC4/cyfitter_cfg.c **** 	SetIMOBGTrims(48u);
 254              		.loc 1 201 0
 255 00ae 3020     		mov	r0, #48
 256 00b0 FFF7A6FF 		bl	SetIMOBGTrims
 202:.\Generated_Source\PSoC4/cyfitter_cfg.c **** 
 203:.\Generated_Source\PSoC4/cyfitter_cfg.c **** 	/* Going faster than 24MHz, so update trim value then adjust to new clock speed. */
 204:.\Generated_Source\PSoC4/cyfitter_cfg.c **** 	CY_SET_REG32((void CYXDATA *)(CYREG_CLK_IMO_TRIM1), (CY_GET_REG8((void *)CYREG_SFLASH_IMO_TRIM45))
 257              		.loc 1 204 0
 258 00b4 1C4B     		ldr	r3, .L11+4
 259 00b6 1D4A     		ldr	r2, .L11+8
 260 00b8 1278     		ldrb	r2, [r2]
 261 00ba D2B2     		uxtb	r2, r2
 262 00bc 1A60     		str	r2, [r3]
 205:.\Generated_Source\PSoC4/cyfitter_cfg.c **** 	CyDelayUs(5u);
 263              		.loc 1 205 0
 264 00be 0520     		mov	r0, #5
 265 00c0 FFF7FEFF 		bl	CyDelayUs
 206:.\Generated_Source\PSoC4/cyfitter_cfg.c **** 	CY_SET_REG32((void CYXDATA *)(CYREG_CLK_IMO_TRIM2), (53u));
 266              		.loc 1 206 0
 267 00c4 1A4B     		ldr	r3, .L11+12
 268 00c6 3522     		mov	r2, #53
 269 00c8 1A60     		str	r2, [r3]
 207:.\Generated_Source\PSoC4/cyfitter_cfg.c **** 
 208:.\Generated_Source\PSoC4/cyfitter_cfg.c **** 	/* Start the WCO */
 209:.\Generated_Source\PSoC4/cyfitter_cfg.c **** 	CySysClkWcoStart();
 270              		.loc 1 209 0
 271 00ca FFF7FEFF 		bl	CySysClkWcoStart
 210:.\Generated_Source\PSoC4/cyfitter_cfg.c **** 	CyDelay(500u); /* WCO may take up to 500ms to start */
 272              		.loc 1 210 0
 273 00ce FA23     		mov	r3, #250
 274 00d0 5B00     		lsl	r3, r3, #1
 275 00d2 181C     		mov	r0, r3
 276 00d4 FFF7FEFF 		bl	CyDelay
 211:.\Generated_Source\PSoC4/cyfitter_cfg.c **** 	(void)CySysClkWcoSetPowerMode(CY_SYS_CLK_WCO_LPM);    /* Switch to the low power mode */
 277              		.loc 1 211 0
 278 00d8 0120     		mov	r0, #1
 279 00da FFF7FEFF 		bl	CySysClkWcoSetPowerMode
 212:.\Generated_Source\PSoC4/cyfitter_cfg.c **** 	/* CYDEV_CLK_ILO_CONFIG Starting address: CYDEV_CLK_ILO_CONFIG */
 213:.\Generated_Source\PSoC4/cyfitter_cfg.c **** 	CY_SET_XTND_REG32((void CYFAR *)(CYREG_CLK_ILO_CONFIG), 0x80000006u);
 280              		.loc 1 213 0
 281 00de 154B     		ldr	r3, .L11+16
 282 00e0 154A     		ldr	r2, .L11+20
 283 00e2 1A60     		str	r2, [r3]
 214:.\Generated_Source\PSoC4/cyfitter_cfg.c **** 
 215:.\Generated_Source\PSoC4/cyfitter_cfg.c **** 	/* CYDEV_WDT_CONFIG Starting address: CYDEV_WDT_CONFIG */
 216:.\Generated_Source\PSoC4/cyfitter_cfg.c **** 	CY_SET_XTND_REG32((void CYFAR *)(CYREG_WDT_CONFIG), 0x40000000u);
 284              		.loc 1 216 0
 285 00e4 154B     		ldr	r3, .L11+24
 286 00e6 8022     		mov	r2, #128
 287 00e8 D205     		lsl	r2, r2, #23
 288 00ea 1A60     		str	r2, [r3]
 217:.\Generated_Source\PSoC4/cyfitter_cfg.c **** 
 218:.\Generated_Source\PSoC4/cyfitter_cfg.c **** 
 219:.\Generated_Source\PSoC4/cyfitter_cfg.c **** 	CY_SET_XTND_REG32((void CYFAR *)(CYREG_BLE_BLERD_BB_XO_CAPTRIM), 0x00003E2Du);
 289              		.loc 1 219 0
 290 00ec 144B     		ldr	r3, .L11+28
 291 00ee 154A     		ldr	r2, .L11+32
ARM GAS  C:\Users\Kervins\AppData\Local\Temp\ccOiT2TQ.s 			page 10


 292 00f0 1A60     		str	r2, [r3]
 220:.\Generated_Source\PSoC4/cyfitter_cfg.c **** 	/* Disable Crystal Stable Interrupt before enabling ECO */
 221:.\Generated_Source\PSoC4/cyfitter_cfg.c **** 	CY_SET_REG32((void*)CYREG_BLE_BLESS_LL_DSM_CTRL, CY_GET_REG32((void*)CYREG_BLE_BLESS_LL_DSM_CTRL) 
 293              		.loc 1 221 0
 294 00f2 154B     		ldr	r3, .L11+36
 295 00f4 144A     		ldr	r2, .L11+36
 296 00f6 1268     		ldr	r2, [r2]
 297 00f8 0821     		mov	r1, #8
 298 00fa 8A43     		bic	r2, r1
 299 00fc 1A60     		str	r2, [r3]
 222:.\Generated_Source\PSoC4/cyfitter_cfg.c **** 	/* Start the ECO and do not check status since it is not needed for HFCLK */
 223:.\Generated_Source\PSoC4/cyfitter_cfg.c **** 	(void)CySysClkEcoStart(2000u);
 300              		.loc 1 223 0
 301 00fe FA23     		mov	r3, #250
 302 0100 DB00     		lsl	r3, r3, #3
 303 0102 181C     		mov	r0, r3
 304 0104 FFF7FEFF 		bl	CySysClkEcoStart
 224:.\Generated_Source\PSoC4/cyfitter_cfg.c **** 	CyDelayUs(1500u); /* Wait to stabalize */
 305              		.loc 1 224 0
 306 0108 104B     		ldr	r3, .L11+40
 307 010a 181C     		mov	r0, r3
 308 010c FFF7FEFF 		bl	CyDelayUs
 225:.\Generated_Source\PSoC4/cyfitter_cfg.c **** 
 226:.\Generated_Source\PSoC4/cyfitter_cfg.c **** 	/* Setup phase aligned clocks */
 227:.\Generated_Source\PSoC4/cyfitter_cfg.c **** 
 228:.\Generated_Source\PSoC4/cyfitter_cfg.c **** 	/* CYDEV_CLK_IMO_CONFIG Starting address: CYDEV_CLK_IMO_CONFIG */
 229:.\Generated_Source\PSoC4/cyfitter_cfg.c **** 	CY_SET_XTND_REG32((void CYFAR *)(CYREG_CLK_IMO_CONFIG), 0x80000000u);
 309              		.loc 1 229 0
 310 0110 0F4B     		ldr	r3, .L11+44
 311 0112 8022     		mov	r2, #128
 312 0114 1206     		lsl	r2, r2, #24
 313 0116 1A60     		str	r2, [r3]
 230:.\Generated_Source\PSoC4/cyfitter_cfg.c **** 
 231:.\Generated_Source\PSoC4/cyfitter_cfg.c **** 	/* CYDEV_CLK_SELECT Starting address: CYDEV_CLK_SELECT */
 232:.\Generated_Source\PSoC4/cyfitter_cfg.c **** 	CY_SET_XTND_REG32((void CYFAR *)(CYREG_CLK_SELECT), 0x00040000u);
 314              		.loc 1 232 0
 315 0118 0E4B     		ldr	r3, .L11+48
 316 011a 8022     		mov	r2, #128
 317 011c D202     		lsl	r2, r2, #11
 318 011e 1A60     		str	r2, [r3]
 233:.\Generated_Source\PSoC4/cyfitter_cfg.c **** 
 234:.\Generated_Source\PSoC4/cyfitter_cfg.c **** }
 319              		.loc 1 234 0
 320 0120 BD46     		mov	sp, r7
 321              		@ sp needed
 322 0122 80BD     		pop	{r7, pc}
 323              	.L12:
 324              		.align	2
 325              	.L11:
 326 0124 30001040 		.word	1074790448
 327 0128 28FF0B40 		.word	1074528040
 328 012c FDF1FF0F 		.word	268431869
 329 0130 2CFF0B40 		.word	1074528044
 330 0134 04010B40 		.word	1074462980
 331 0138 06000080 		.word	-2147483642
 332 013c 0C020B40 		.word	1074463244
 333 0140 7C002E40 		.word	1076756604
ARM GAS  C:\Users\Kervins\AppData\Local\Temp\ccOiT2TQ.s 			page 11


 334 0144 2D3E0000 		.word	15917
 335 0148 6CF02E40 		.word	1076818028
 336 014c DC050000 		.word	1500
 337 0150 08010B40 		.word	1074462984
 338 0154 00010B40 		.word	1074462976
 339              		.cfi_endproc
 340              	.LFE6:
 341              		.size	ClockSetup, .-ClockSetup
 342              		.section	.text.AnalogSetDefault,"ax",%progbits
 343              		.align	2
 344              		.code	16
 345              		.thumb_func
 346              		.type	AnalogSetDefault, %function
 347              	AnalogSetDefault:
 348              	.LFB7:
 235:.\Generated_Source\PSoC4/cyfitter_cfg.c **** 
 236:.\Generated_Source\PSoC4/cyfitter_cfg.c **** 
 237:.\Generated_Source\PSoC4/cyfitter_cfg.c **** /* Analog API Functions */
 238:.\Generated_Source\PSoC4/cyfitter_cfg.c **** 
 239:.\Generated_Source\PSoC4/cyfitter_cfg.c **** 
 240:.\Generated_Source\PSoC4/cyfitter_cfg.c **** /*******************************************************************************
 241:.\Generated_Source\PSoC4/cyfitter_cfg.c **** * Function Name: AnalogSetDefault
 242:.\Generated_Source\PSoC4/cyfitter_cfg.c **** ********************************************************************************
 243:.\Generated_Source\PSoC4/cyfitter_cfg.c **** *
 244:.\Generated_Source\PSoC4/cyfitter_cfg.c **** * Summary:
 245:.\Generated_Source\PSoC4/cyfitter_cfg.c **** *  Sets up the analog portions of the chip to default values based on chip
 246:.\Generated_Source\PSoC4/cyfitter_cfg.c **** *  configuration options from the project.
 247:.\Generated_Source\PSoC4/cyfitter_cfg.c **** *
 248:.\Generated_Source\PSoC4/cyfitter_cfg.c **** * Parameters:
 249:.\Generated_Source\PSoC4/cyfitter_cfg.c **** *  void
 250:.\Generated_Source\PSoC4/cyfitter_cfg.c **** *
 251:.\Generated_Source\PSoC4/cyfitter_cfg.c **** * Return:
 252:.\Generated_Source\PSoC4/cyfitter_cfg.c **** *  void
 253:.\Generated_Source\PSoC4/cyfitter_cfg.c **** *
 254:.\Generated_Source\PSoC4/cyfitter_cfg.c **** *******************************************************************************/
 255:.\Generated_Source\PSoC4/cyfitter_cfg.c **** static void AnalogSetDefault(void);
 256:.\Generated_Source\PSoC4/cyfitter_cfg.c **** static void AnalogSetDefault(void)
 257:.\Generated_Source\PSoC4/cyfitter_cfg.c **** {
 349              		.loc 1 257 0
 350              		.cfi_startproc
 351 0000 80B5     		push	{r7, lr}
 352              		.cfi_def_cfa_offset 8
 353              		.cfi_offset 7, -8
 354              		.cfi_offset 14, -4
 355 0002 00AF     		add	r7, sp, #0
 356              		.cfi_def_cfa_register 7
 258:.\Generated_Source\PSoC4/cyfitter_cfg.c **** 	CY_SET_XTND_REG32((void CYFAR *)CYREG_CTBM0_DFT_CTRL, 0x00000003u);
 357              		.loc 1 258 0
 358 0004 054B     		ldr	r3, .L14
 359 0006 0322     		mov	r2, #3
 360 0008 1A60     		str	r2, [r3]
 259:.\Generated_Source\PSoC4/cyfitter_cfg.c **** 	CY_SET_XTND_REG32((void CYFAR *)CYREG_CTBM1_DFT_CTRL, 0x00000003u);
 361              		.loc 1 259 0
 362 000a 054B     		ldr	r3, .L14+4
 363 000c 0322     		mov	r2, #3
 364 000e 1A60     		str	r2, [r3]
 260:.\Generated_Source\PSoC4/cyfitter_cfg.c **** 	CY_SET_XTND_REG32((void CYFAR *)CYREG_PASS_DSAB_DSAB_CTRL, 0x00000000u);
ARM GAS  C:\Users\Kervins\AppData\Local\Temp\ccOiT2TQ.s 			page 12


 365              		.loc 1 260 0
 366 0010 044B     		ldr	r3, .L14+8
 367 0012 0022     		mov	r2, #0
 368 0014 1A60     		str	r2, [r3]
 261:.\Generated_Source\PSoC4/cyfitter_cfg.c **** }
 369              		.loc 1 261 0
 370 0016 BD46     		mov	sp, r7
 371              		@ sp needed
 372 0018 80BD     		pop	{r7, pc}
 373              	.L15:
 374 001a C046     		.align	2
 375              	.L14:
 376 001c 30003040 		.word	1076887600
 377 0020 30003140 		.word	1076953136
 378 0024 000E3F40 		.word	1077874176
 379              		.cfi_endproc
 380              	.LFE7:
 381              		.size	AnalogSetDefault, .-AnalogSetDefault
 382              		.section	.psocinit
 383              		.align	2
 384              		.global	cyfitter_cfg
 385              		.code	16
 386              		.thumb_func
 387              		.type	cyfitter_cfg, %function
 388              	cyfitter_cfg:
 389              	.LFB8:
 262:.\Generated_Source\PSoC4/cyfitter_cfg.c **** 
 263:.\Generated_Source\PSoC4/cyfitter_cfg.c **** #define CY_AMUX_UNUSED CYREG_CM0_ROM_DWT
 264:.\Generated_Source\PSoC4/cyfitter_cfg.c **** 
 265:.\Generated_Source\PSoC4/cyfitter_cfg.c **** 
 266:.\Generated_Source\PSoC4/cyfitter_cfg.c **** /*******************************************************************************
 267:.\Generated_Source\PSoC4/cyfitter_cfg.c **** * Function Name: cyfitter_cfg
 268:.\Generated_Source\PSoC4/cyfitter_cfg.c **** ********************************************************************************
 269:.\Generated_Source\PSoC4/cyfitter_cfg.c **** * Summary:
 270:.\Generated_Source\PSoC4/cyfitter_cfg.c **** *  This function is called by the start-up code for the selected device. It
 271:.\Generated_Source\PSoC4/cyfitter_cfg.c **** *  performs all of the necessary device configuration based on the design
 272:.\Generated_Source\PSoC4/cyfitter_cfg.c **** *  settings.  This includes settings from the Design Wide Resources (DWR) such
 273:.\Generated_Source\PSoC4/cyfitter_cfg.c **** *  as Clocks and Pins as well as any component configuration that is necessary.
 274:.\Generated_Source\PSoC4/cyfitter_cfg.c **** *
 275:.\Generated_Source\PSoC4/cyfitter_cfg.c **** * Parameters:  
 276:.\Generated_Source\PSoC4/cyfitter_cfg.c **** *   void
 277:.\Generated_Source\PSoC4/cyfitter_cfg.c **** *
 278:.\Generated_Source\PSoC4/cyfitter_cfg.c **** * Return:
 279:.\Generated_Source\PSoC4/cyfitter_cfg.c **** *   void
 280:.\Generated_Source\PSoC4/cyfitter_cfg.c **** *
 281:.\Generated_Source\PSoC4/cyfitter_cfg.c **** *******************************************************************************/
 282:.\Generated_Source\PSoC4/cyfitter_cfg.c **** CY_CFG_SECTION
 283:.\Generated_Source\PSoC4/cyfitter_cfg.c **** void cyfitter_cfg(void)
 284:.\Generated_Source\PSoC4/cyfitter_cfg.c **** {
 390              		.loc 1 284 0
 391              		.cfi_startproc
 392 0158 80B5     		push	{r7, lr}
 393              		.cfi_def_cfa_offset 8
 394              		.cfi_offset 7, -8
 395              		.cfi_offset 14, -4
 396 015a 82B0     		sub	sp, sp, #8
 397              		.cfi_def_cfa_offset 16
ARM GAS  C:\Users\Kervins\AppData\Local\Temp\ccOiT2TQ.s 			page 13


 398 015c 00AF     		add	r7, sp, #0
 399              		.cfi_def_cfa_register 7
 285:.\Generated_Source\PSoC4/cyfitter_cfg.c **** 	/* Disable interrupts by default. Let user enable if/when they want. */
 286:.\Generated_Source\PSoC4/cyfitter_cfg.c **** 	CyGlobalIntDisable;
 400              		.loc 1 286 0
 401              	@ 286 ".\Generated_Source\PSoC4\cyfitter_cfg.c" 1
 402 015e 72B6     		CPSID   i
 403              	@ 0 "" 2
 287:.\Generated_Source\PSoC4/cyfitter_cfg.c **** 
 288:.\Generated_Source\PSoC4/cyfitter_cfg.c **** 	CY_SET_XTND_REG32((void CYFAR *)(CYREG_BLE_BLESS_LL_DSM_CTRL), 0x00000000u);
 404              		.loc 1 288 0
 405              		.code	16
 406 0160 2D4B     		ldr	r3, .L19
 407 0162 0022     		mov	r2, #0
 408 0164 1A60     		str	r2, [r3]
 409              	.LBB2:
 289:.\Generated_Source\PSoC4/cyfitter_cfg.c **** 
 290:.\Generated_Source\PSoC4/cyfitter_cfg.c **** 	{
 291:.\Generated_Source\PSoC4/cyfitter_cfg.c **** 
 292:.\Generated_Source\PSoC4/cyfitter_cfg.c **** 		CYPACKED typedef struct {
 293:.\Generated_Source\PSoC4/cyfitter_cfg.c **** 			void CYFAR *address;
 294:.\Generated_Source\PSoC4/cyfitter_cfg.c **** 			uint16 size;
 295:.\Generated_Source\PSoC4/cyfitter_cfg.c **** 		} CYPACKED_ATTR cfg_memset_t;
 296:.\Generated_Source\PSoC4/cyfitter_cfg.c **** 
 297:.\Generated_Source\PSoC4/cyfitter_cfg.c **** 		static const cfg_memset_t CYCODE cfg_memset_list [] = {
 298:.\Generated_Source\PSoC4/cyfitter_cfg.c **** 			/* address, size */
 299:.\Generated_Source\PSoC4/cyfitter_cfg.c **** 			{(void CYFAR *)(CYDEV_UDB_P0_U0_BASE), 1024u},
 300:.\Generated_Source\PSoC4/cyfitter_cfg.c **** 			{(void CYFAR *)(CYDEV_UDB_DSI0_BASE), 1024u},
 301:.\Generated_Source\PSoC4/cyfitter_cfg.c **** 		};
 302:.\Generated_Source\PSoC4/cyfitter_cfg.c **** 
 303:.\Generated_Source\PSoC4/cyfitter_cfg.c **** 		uint8 CYDATA i;
 304:.\Generated_Source\PSoC4/cyfitter_cfg.c **** 
 305:.\Generated_Source\PSoC4/cyfitter_cfg.c **** 		/* Zero out critical memory blocks before beginning configuration */
 306:.\Generated_Source\PSoC4/cyfitter_cfg.c **** 		for (i = 0u; i < (sizeof(cfg_memset_list)/sizeof(cfg_memset_list[0])); i++)
 410              		.loc 1 306 0
 411 0166 FB1D     		add	r3, r7, #7
 412 0168 0022     		mov	r2, #0
 413 016a 1A70     		strb	r2, [r3]
 414 016c 23E0     		b	.L17
 415              	.L18:
 416              	.LBB3:
 307:.\Generated_Source\PSoC4/cyfitter_cfg.c **** 		{
 308:.\Generated_Source\PSoC4/cyfitter_cfg.c **** 			const cfg_memset_t CYCODE * CYDATA ms = &cfg_memset_list[i];
 417              		.loc 1 308 0 discriminator 2
 418 016e FB1D     		add	r3, r7, #7
 419 0170 1A78     		ldrb	r2, [r3]
 420 0172 131C     		mov	r3, r2
 421 0174 5B00     		lsl	r3, r3, #1
 422 0176 9B18     		add	r3, r3, r2
 423 0178 5B00     		lsl	r3, r3, #1
 424 017a 284A     		ldr	r2, .L19+4
 425 017c 9B18     		add	r3, r3, r2
 426 017e 3B60     		str	r3, [r7]
 309:.\Generated_Source\PSoC4/cyfitter_cfg.c **** 			CYMEMZERO(ms->address, (size_t)(uint32)(ms->size));
 427              		.loc 1 309 0 discriminator 2
 428 0180 3B68     		ldr	r3, [r7]
 429 0182 1A78     		ldrb	r2, [r3]
ARM GAS  C:\Users\Kervins\AppData\Local\Temp\ccOiT2TQ.s 			page 14


 430 0184 5978     		ldrb	r1, [r3, #1]
 431 0186 0902     		lsl	r1, r1, #8
 432 0188 0A43     		orr	r2, r1
 433 018a 9978     		ldrb	r1, [r3, #2]
 434 018c 0904     		lsl	r1, r1, #16
 435 018e 0A43     		orr	r2, r1
 436 0190 DB78     		ldrb	r3, [r3, #3]
 437 0192 1B06     		lsl	r3, r3, #24
 438 0194 1343     		orr	r3, r2
 439 0196 1A1C     		mov	r2, r3
 440 0198 3B68     		ldr	r3, [r7]
 441 019a 1979     		ldrb	r1, [r3, #4]
 442 019c 5B79     		ldrb	r3, [r3, #5]
 443 019e 1B02     		lsl	r3, r3, #8
 444 01a0 0B43     		orr	r3, r1
 445 01a2 9BB2     		uxth	r3, r3
 446 01a4 101C     		mov	r0, r2
 447 01a6 191C     		mov	r1, r3
 448 01a8 FFF7FEFF 		bl	CYMEMZERO
 449              	.LBE3:
 306:.\Generated_Source\PSoC4/cyfitter_cfg.c **** 		for (i = 0u; i < (sizeof(cfg_memset_list)/sizeof(cfg_memset_list[0])); i++)
 450              		.loc 1 306 0 discriminator 2
 451 01ac FB1D     		add	r3, r7, #7
 452 01ae 1A78     		ldrb	r2, [r3]
 453 01b0 FB1D     		add	r3, r7, #7
 454 01b2 0132     		add	r2, r2, #1
 455 01b4 1A70     		strb	r2, [r3]
 456              	.L17:
 306:.\Generated_Source\PSoC4/cyfitter_cfg.c **** 		for (i = 0u; i < (sizeof(cfg_memset_list)/sizeof(cfg_memset_list[0])); i++)
 457              		.loc 1 306 0 is_stmt 0 discriminator 1
 458 01b6 FB1D     		add	r3, r7, #7
 459 01b8 1B78     		ldrb	r3, [r3]
 460 01ba 012B     		cmp	r3, #1
 461 01bc D7D9     		bls	.L18
 310:.\Generated_Source\PSoC4/cyfitter_cfg.c **** 		}
 311:.\Generated_Source\PSoC4/cyfitter_cfg.c **** 
 312:.\Generated_Source\PSoC4/cyfitter_cfg.c **** 		/* HSIOM Starting address: CYDEV_HSIOM_BASE */
 313:.\Generated_Source\PSoC4/cyfitter_cfg.c **** 		CY_SET_XTND_REG32((void CYFAR *)(CYDEV_HSIOM_BASE), 0xEE000000u);
 462              		.loc 1 313 0 is_stmt 1
 463 01be 184B     		ldr	r3, .L19+8
 464 01c0 EE22     		mov	r2, #238
 465 01c2 1206     		lsl	r2, r2, #24
 466 01c4 1A60     		str	r2, [r3]
 314:.\Generated_Source\PSoC4/cyfitter_cfg.c **** 
 315:.\Generated_Source\PSoC4/cyfitter_cfg.c **** 		/* IOPINS0_0 Starting address: CYDEV_GPIO_PRT0_DR */
 316:.\Generated_Source\PSoC4/cyfitter_cfg.c **** 		CY_SET_XTND_REG32((void CYFAR *)(CYREG_GPIO_PRT0_PC), 0x00D80006u);
 467              		.loc 1 316 0
 468 01c6 174B     		ldr	r3, .L19+12
 469 01c8 174A     		ldr	r2, .L19+16
 470 01ca 1A60     		str	r2, [r3]
 317:.\Generated_Source\PSoC4/cyfitter_cfg.c **** 
 318:.\Generated_Source\PSoC4/cyfitter_cfg.c **** 		/* UDB_PA_0 Starting address: CYDEV_UDB_PA0_BASE */
 319:.\Generated_Source\PSoC4/cyfitter_cfg.c **** 		CY_SET_XTND_REG32((void CYFAR *)(CYDEV_UDB_PA0_BASE), 0x00990000u);
 471              		.loc 1 319 0
 472 01cc 174B     		ldr	r3, .L19+20
 473 01ce 9922     		mov	r2, #153
 474 01d0 1204     		lsl	r2, r2, #16
ARM GAS  C:\Users\Kervins\AppData\Local\Temp\ccOiT2TQ.s 			page 15


 475 01d2 1A60     		str	r2, [r3]
 320:.\Generated_Source\PSoC4/cyfitter_cfg.c **** 
 321:.\Generated_Source\PSoC4/cyfitter_cfg.c **** 		/* Enable digital routing */
 322:.\Generated_Source\PSoC4/cyfitter_cfg.c **** 		CY_SET_XTND_REG8((void *)CYREG_UDB_UDBIF_BANK_CTL, CY_GET_XTND_REG8((void *)CYREG_UDB_UDBIF_BANK_
 476              		.loc 1 322 0
 477 01d4 164B     		ldr	r3, .L19+24
 478 01d6 164A     		ldr	r2, .L19+24
 479 01d8 1278     		ldrb	r2, [r2]
 480 01da D2B2     		uxtb	r2, r2
 481 01dc 0221     		mov	r1, #2
 482 01de 0A43     		orr	r2, r1
 483 01e0 D2B2     		uxtb	r2, r2
 484 01e2 1A70     		strb	r2, [r3]
 323:.\Generated_Source\PSoC4/cyfitter_cfg.c **** 
 324:.\Generated_Source\PSoC4/cyfitter_cfg.c **** 		/* Enable UDB array */
 325:.\Generated_Source\PSoC4/cyfitter_cfg.c **** 		CY_SET_XTND_REG8((void *)CYREG_UDB_UDBIF_WAIT_CFG, (CY_GET_XTND_REG8((void *)CYREG_UDB_UDBIF_WAIT
 485              		.loc 1 325 0
 486 01e4 134B     		ldr	r3, .L19+28
 487 01e6 134A     		ldr	r2, .L19+28
 488 01e8 1278     		ldrb	r2, [r2]
 489 01ea D2B2     		uxtb	r2, r2
 490 01ec 0C21     		mov	r1, #12
 491 01ee 8A43     		bic	r2, r1
 492 01f0 D2B2     		uxtb	r2, r2
 493 01f2 0421     		mov	r1, #4
 494 01f4 0A43     		orr	r2, r1
 495 01f6 D2B2     		uxtb	r2, r2
 496 01f8 1A70     		strb	r2, [r3]
 326:.\Generated_Source\PSoC4/cyfitter_cfg.c **** 		CY_SET_XTND_REG8((void *)CYREG_UDB_UDBIF_BANK_CTL, CY_GET_XTND_REG8((void *)CYREG_UDB_UDBIF_BANK_
 497              		.loc 1 326 0
 498 01fa 0D4B     		ldr	r3, .L19+24
 499 01fc 0C4A     		ldr	r2, .L19+24
 500 01fe 1278     		ldrb	r2, [r2]
 501 0200 D2B2     		uxtb	r2, r2
 502 0202 1621     		mov	r1, #22
 503 0204 0A43     		orr	r2, r1
 504 0206 D2B2     		uxtb	r2, r2
 505 0208 1A70     		strb	r2, [r3]
 506              	.LBE2:
 327:.\Generated_Source\PSoC4/cyfitter_cfg.c **** 	}
 328:.\Generated_Source\PSoC4/cyfitter_cfg.c **** 
 329:.\Generated_Source\PSoC4/cyfitter_cfg.c **** 	/* Setup clocks based on selections from Clock DWR */
 330:.\Generated_Source\PSoC4/cyfitter_cfg.c **** 	ClockSetup();
 507              		.loc 1 330 0
 508 020a FFF74BFF 		bl	ClockSetup
 331:.\Generated_Source\PSoC4/cyfitter_cfg.c **** 
 332:.\Generated_Source\PSoC4/cyfitter_cfg.c **** 	/* Perform basic analog initialization to defaults */
 333:.\Generated_Source\PSoC4/cyfitter_cfg.c **** 	AnalogSetDefault();
 509              		.loc 1 333 0
 510 020e FFF7FEFF 		bl	AnalogSetDefault
 334:.\Generated_Source\PSoC4/cyfitter_cfg.c **** 
 335:.\Generated_Source\PSoC4/cyfitter_cfg.c **** }
 511              		.loc 1 335 0
 512 0212 BD46     		mov	sp, r7
 513 0214 02B0     		add	sp, sp, #8
 514              		@ sp needed
 515 0216 80BD     		pop	{r7, pc}
ARM GAS  C:\Users\Kervins\AppData\Local\Temp\ccOiT2TQ.s 			page 16


 516              	.L20:
 517              		.align	2
 518              	.L19:
 519 0218 6CF02E40 		.word	1076818028
 520 021c 04000000 		.word	cfg_memset_list.4742
 521 0220 00000240 		.word	1073872896
 522 0224 08000440 		.word	1074003976
 523 0228 0600D800 		.word	14155782
 524 022c 00500F40 		.word	1074745344
 525 0230 00700F40 		.word	1074753536
 526 0234 01700F40 		.word	1074753537
 527              		.cfi_endproc
 528              	.LFE8:
 529              		.size	cyfitter_cfg, .-cyfitter_cfg
 530              		.data
 531              		.align	2
 532              		.type	imo_trim_table.4717, %object
 533              		.size	imo_trim_table.4717, 4
 534              	imo_trim_table.4717:
 535 0000 C0F1FF0F 		.word	268431808
 536              		.section	.rodata
 537              		.align	2
 538              		.type	IMO_TRIM_FREQ_TABLE_ENTRIES.4718, %object
 539              		.size	IMO_TRIM_FREQ_TABLE_ENTRIES.4718, 4
 540              	IMO_TRIM_FREQ_TABLE_ENTRIES.4718:
 541 0000 04000000 		.word	4
 542              		.align	2
 543              		.type	cfg_memset_list.4742, %object
 544              		.size	cfg_memset_list.4742, 12
 545              	cfg_memset_list.4742:
 546 0004 00300F40 		.word	1074737152
 547 0008 0004     		.short	1024
 548 000a 00400F40 		.4byte	1074741248
 549 000e 0004     		.short	1024
 550              		.text
 551              	.Letext0:
 552              		.file 2 "c:\\program files (x86)\\cypress\\psoc creator\\3.1\\psoc creator\\import\\gnu_cs\\arm\\4
 553              		.file 3 ".\\Generated_Source\\PSoC4/cytypes.h"
 554              		.section	.debug_info,"",%progbits
 555              	.Ldebug_info0:
 556 0000 3F030000 		.4byte	0x33f
 557 0004 0400     		.2byte	0x4
 558 0006 00000000 		.4byte	.Ldebug_abbrev0
 559 000a 04       		.byte	0x4
 560 000b 01       		.uleb128 0x1
 561 000c 4A020000 		.4byte	.LASF43
 562 0010 01       		.byte	0x1
 563 0011 A6010000 		.4byte	.LASF44
 564 0015 7B000000 		.4byte	.LASF45
 565 0019 00000000 		.4byte	.Ldebug_ranges0+0
 566 001d 00000000 		.4byte	0
 567 0021 00000000 		.4byte	.Ldebug_line0
 568 0025 02       		.uleb128 0x2
 569 0026 04       		.byte	0x4
 570 0027 05       		.byte	0x5
 571 0028 696E7400 		.ascii	"int\000"
 572 002c 03       		.uleb128 0x3
ARM GAS  C:\Users\Kervins\AppData\Local\Temp\ccOiT2TQ.s 			page 17


 573 002d 06000000 		.4byte	.LASF11
 574 0031 02       		.byte	0x2
 575 0032 D4       		.byte	0xd4
 576 0033 37000000 		.4byte	0x37
 577 0037 04       		.uleb128 0x4
 578 0038 04       		.byte	0x4
 579 0039 07       		.byte	0x7
 580 003a 4F010000 		.4byte	.LASF0
 581 003e 04       		.uleb128 0x4
 582 003f 01       		.byte	0x1
 583 0040 06       		.byte	0x6
 584 0041 2E020000 		.4byte	.LASF1
 585 0045 04       		.uleb128 0x4
 586 0046 01       		.byte	0x1
 587 0047 08       		.byte	0x8
 588 0048 FC000000 		.4byte	.LASF2
 589 004c 04       		.uleb128 0x4
 590 004d 02       		.byte	0x2
 591 004e 05       		.byte	0x5
 592 004f 63000000 		.4byte	.LASF3
 593 0053 04       		.uleb128 0x4
 594 0054 02       		.byte	0x2
 595 0055 07       		.byte	0x7
 596 0056 50000000 		.4byte	.LASF4
 597 005a 04       		.uleb128 0x4
 598 005b 04       		.byte	0x4
 599 005c 05       		.byte	0x5
 600 005d 16020000 		.4byte	.LASF5
 601 0061 04       		.uleb128 0x4
 602 0062 04       		.byte	0x4
 603 0063 07       		.byte	0x7
 604 0064 DA000000 		.4byte	.LASF6
 605 0068 04       		.uleb128 0x4
 606 0069 08       		.byte	0x8
 607 006a 05       		.byte	0x5
 608 006b E0010000 		.4byte	.LASF7
 609 006f 04       		.uleb128 0x4
 610 0070 08       		.byte	0x8
 611 0071 07       		.byte	0x7
 612 0072 71010000 		.4byte	.LASF8
 613 0076 04       		.uleb128 0x4
 614 0077 04       		.byte	0x4
 615 0078 07       		.byte	0x7
 616 0079 CE010000 		.4byte	.LASF9
 617 007d 05       		.uleb128 0x5
 618 007e 04       		.byte	0x4
 619 007f 04       		.uleb128 0x4
 620 0080 01       		.byte	0x1
 621 0081 08       		.byte	0x8
 622 0082 EE010000 		.4byte	.LASF10
 623 0086 03       		.uleb128 0x3
 624 0087 01020000 		.4byte	.LASF12
 625 008b 03       		.byte	0x3
 626 008c A1       		.byte	0xa1
 627 008d 45000000 		.4byte	0x45
 628 0091 03       		.uleb128 0x3
 629 0092 41010000 		.4byte	.LASF13
ARM GAS  C:\Users\Kervins\AppData\Local\Temp\ccOiT2TQ.s 			page 18


 630 0096 03       		.byte	0x3
 631 0097 A2       		.byte	0xa2
 632 0098 53000000 		.4byte	0x53
 633 009c 03       		.uleb128 0x3
 634 009d 48010000 		.4byte	.LASF14
 635 00a1 03       		.byte	0x3
 636 00a2 A3       		.byte	0xa3
 637 00a3 61000000 		.4byte	0x61
 638 00a7 03       		.uleb128 0x3
 639 00a8 EC000000 		.4byte	.LASF15
 640 00ac 03       		.byte	0x3
 641 00ad A6       		.byte	0xa6
 642 00ae 5A000000 		.4byte	0x5a
 643 00b2 04       		.uleb128 0x4
 644 00b3 04       		.byte	0x4
 645 00b4 04       		.byte	0x4
 646 00b5 B8000000 		.4byte	.LASF16
 647 00b9 04       		.uleb128 0x4
 648 00ba 08       		.byte	0x8
 649 00bb 04       		.byte	0x4
 650 00bc 0A010000 		.4byte	.LASF17
 651 00c0 06       		.uleb128 0x6
 652 00c1 D5000000 		.4byte	.LASF18
 653 00c5 03       		.byte	0x3
 654 00c6 4B01     		.2byte	0x14b
 655 00c8 CC000000 		.4byte	0xcc
 656 00cc 07       		.uleb128 0x7
 657 00cd 86000000 		.4byte	0x86
 658 00d1 06       		.uleb128 0x6
 659 00d2 00000000 		.4byte	.LASF19
 660 00d6 03       		.byte	0x3
 661 00d7 4D01     		.2byte	0x14d
 662 00d9 DD000000 		.4byte	0xdd
 663 00dd 07       		.uleb128 0x7
 664 00de 9C000000 		.4byte	0x9c
 665 00e2 08       		.uleb128 0x8
 666 00e3 F2000000 		.4byte	.LASF20
 667 00e7 01       		.byte	0x1
 668 00e8 39       		.byte	0x39
 669 00e9 00000000 		.4byte	.LFB2
 670 00ed 1E000000 		.4byte	.LFE2-.LFB2
 671 00f1 01       		.uleb128 0x1
 672 00f2 9C       		.byte	0x9c
 673 00f3 10010000 		.4byte	0x110
 674 00f7 09       		.uleb128 0x9
 675 00f8 7300     		.ascii	"s\000"
 676 00fa 01       		.byte	0x1
 677 00fb 39       		.byte	0x39
 678 00fc 7D000000 		.4byte	0x7d
 679 0100 02       		.uleb128 0x2
 680 0101 91       		.byte	0x91
 681 0102 74       		.sleb128 -12
 682 0103 09       		.uleb128 0x9
 683 0104 6E00     		.ascii	"n\000"
 684 0106 01       		.byte	0x1
 685 0107 39       		.byte	0x39
 686 0108 2C000000 		.4byte	0x2c
ARM GAS  C:\Users\Kervins\AppData\Local\Temp\ccOiT2TQ.s 			page 19


 687 010c 02       		.uleb128 0x2
 688 010d 91       		.byte	0x91
 689 010e 70       		.sleb128 -16
 690 010f 00       		.byte	0
 691 0110 08       		.uleb128 0x8
 692 0111 19010000 		.4byte	.LASF21
 693 0115 01       		.byte	0x1
 694 0116 40       		.byte	0x40
 695 0117 00000000 		.4byte	.LFB3
 696 011b 22000000 		.4byte	.LFE3-.LFB3
 697 011f 01       		.uleb128 0x1
 698 0120 9C       		.byte	0x9c
 699 0121 4E010000 		.4byte	0x14e
 700 0125 0A       		.uleb128 0xa
 701 0126 CB000000 		.4byte	.LASF22
 702 012a 01       		.byte	0x1
 703 012b 40       		.byte	0x40
 704 012c 7D000000 		.4byte	0x7d
 705 0130 02       		.uleb128 0x2
 706 0131 91       		.byte	0x91
 707 0132 74       		.sleb128 -12
 708 0133 09       		.uleb128 0x9
 709 0134 73726300 		.ascii	"src\000"
 710 0138 01       		.byte	0x1
 711 0139 40       		.byte	0x40
 712 013a 4E010000 		.4byte	0x14e
 713 013e 02       		.uleb128 0x2
 714 013f 91       		.byte	0x91
 715 0140 70       		.sleb128 -16
 716 0141 09       		.uleb128 0x9
 717 0142 6E00     		.ascii	"n\000"
 718 0144 01       		.byte	0x1
 719 0145 40       		.byte	0x40
 720 0146 2C000000 		.4byte	0x2c
 721 014a 02       		.uleb128 0x2
 722 014b 91       		.byte	0x91
 723 014c 6C       		.sleb128 -20
 724 014d 00       		.byte	0
 725 014e 0B       		.uleb128 0xb
 726 014f 04       		.byte	0x4
 727 0150 54010000 		.4byte	0x154
 728 0154 0C       		.uleb128 0xc
 729 0155 08       		.uleb128 0x8
 730 0156 3A020000 		.4byte	.LASF23
 731 015a 01       		.byte	0x1
 732 015b 47       		.byte	0x47
 733 015c 00000000 		.4byte	.LFB4
 734 0160 22000000 		.4byte	.LFE4-.LFB4
 735 0164 01       		.uleb128 0x1
 736 0165 9C       		.byte	0x9c
 737 0166 93010000 		.4byte	0x193
 738 016a 0A       		.uleb128 0xa
 739 016b CB000000 		.4byte	.LASF22
 740 016f 01       		.byte	0x1
 741 0170 47       		.byte	0x47
 742 0171 7D000000 		.4byte	0x7d
 743 0175 02       		.uleb128 0x2
ARM GAS  C:\Users\Kervins\AppData\Local\Temp\ccOiT2TQ.s 			page 20


 744 0176 91       		.byte	0x91
 745 0177 74       		.sleb128 -12
 746 0178 09       		.uleb128 0x9
 747 0179 73726300 		.ascii	"src\000"
 748 017d 01       		.byte	0x1
 749 017e 47       		.byte	0x47
 750 017f 4E010000 		.4byte	0x14e
 751 0183 02       		.uleb128 0x2
 752 0184 91       		.byte	0x91
 753 0185 70       		.sleb128 -16
 754 0186 09       		.uleb128 0x9
 755 0187 6E00     		.ascii	"n\000"
 756 0189 01       		.byte	0x1
 757 018a 47       		.byte	0x47
 758 018b 2C000000 		.4byte	0x2c
 759 018f 02       		.uleb128 0x2
 760 0190 91       		.byte	0x91
 761 0191 6C       		.sleb128 -20
 762 0192 00       		.byte	0
 763 0193 0D       		.uleb128 0xd
 764 0194 6D000000 		.4byte	.LASF24
 765 0198 01       		.byte	0x1
 766 0199 8C       		.byte	0x8c
 767 019a 00000000 		.4byte	.LFB5
 768 019e A4000000 		.4byte	.LFE5-.LFB5
 769 01a2 01       		.uleb128 0x1
 770 01a3 9C       		.byte	0x9c
 771 01a4 76020000 		.4byte	0x276
 772 01a8 0A       		.uleb128 0xa
 773 01a9 11010000 		.4byte	.LASF25
 774 01ad 01       		.byte	0x1
 775 01ae 8C       		.byte	0x8c
 776 01af 86000000 		.4byte	0x86
 777 01b3 02       		.uleb128 0x2
 778 01b4 91       		.byte	0x91
 779 01b5 6F       		.sleb128 -17
 780 01b6 0E       		.uleb128 0xe
 781 01b7 03       		.byte	0x3
 782 01b8 01       		.byte	0x1
 783 01b9 8E       		.byte	0x8e
 784 01ba E3010000 		.4byte	0x1e3
 785 01be 0F       		.uleb128 0xf
 786 01bf FC010000 		.4byte	.LASF26
 787 01c3 01       		.byte	0x1
 788 01c4 8F       		.byte	0x8f
 789 01c5 86000000 		.4byte	0x86
 790 01c9 00       		.byte	0
 791 01ca 0F       		.uleb128 0xf
 792 01cb F3010000 		.4byte	.LASF27
 793 01cf 01       		.byte	0x1
 794 01d0 90       		.byte	0x90
 795 01d1 86000000 		.4byte	0x86
 796 01d5 01       		.byte	0x1
 797 01d6 0F       		.uleb128 0xf
 798 01d7 4A000000 		.4byte	.LASF28
 799 01db 01       		.byte	0x1
 800 01dc 91       		.byte	0x91
ARM GAS  C:\Users\Kervins\AppData\Local\Temp\ccOiT2TQ.s 			page 21


 801 01dd 86000000 		.4byte	0x86
 802 01e1 02       		.byte	0x2
 803 01e2 00       		.byte	0
 804 01e3 03       		.uleb128 0x3
 805 01e4 1E000000 		.4byte	.LASF29
 806 01e8 01       		.byte	0x1
 807 01e9 92       		.byte	0x92
 808 01ea B6010000 		.4byte	0x1b6
 809 01ee 0E       		.uleb128 0xe
 810 01ef 0C       		.byte	0xc
 811 01f0 01       		.byte	0x1
 812 01f1 94       		.byte	0x94
 813 01f2 13020000 		.4byte	0x213
 814 01f6 10       		.uleb128 0x10
 815 01f7 E3010000 		.4byte	0x1e3
 816 01fb 06020000 		.4byte	0x206
 817 01ff 11       		.uleb128 0x11
 818 0200 76000000 		.4byte	0x76
 819 0204 03       		.byte	0x3
 820 0205 00       		.byte	0
 821 0206 0F       		.uleb128 0xf
 822 0207 1F020000 		.4byte	.LASF30
 823 020b 01       		.byte	0x1
 824 020c 95       		.byte	0x95
 825 020d F6010000 		.4byte	0x1f6
 826 0211 00       		.byte	0
 827 0212 00       		.byte	0
 828 0213 03       		.uleb128 0x3
 829 0214 88010000 		.4byte	.LASF31
 830 0218 01       		.byte	0x1
 831 0219 96       		.byte	0x96
 832 021a EE010000 		.4byte	0x1ee
 833 021e 12       		.uleb128 0x12
 834 021f 07020000 		.4byte	.LASF32
 835 0223 01       		.byte	0x1
 836 0224 98       		.byte	0x98
 837 0225 2F020000 		.4byte	0x22f
 838 0229 05       		.uleb128 0x5
 839 022a 03       		.byte	0x3
 840 022b 00000000 		.4byte	imo_trim_table.4717
 841 022f 0B       		.uleb128 0xb
 842 0230 04       		.byte	0x4
 843 0231 35020000 		.4byte	0x235
 844 0235 13       		.uleb128 0x13
 845 0236 13020000 		.4byte	0x213
 846 023a 12       		.uleb128 0x12
 847 023b 25010000 		.4byte	.LASF33
 848 023f 01       		.byte	0x1
 849 0240 99       		.byte	0x99
 850 0241 76020000 		.4byte	0x276
 851 0245 05       		.uleb128 0x5
 852 0246 03       		.byte	0x3
 853 0247 00000000 		.4byte	IMO_TRIM_FREQ_TABLE_ENTRIES.4718
 854 024b 12       		.uleb128 0x12
 855 024c BE000000 		.4byte	.LASF34
 856 0250 01       		.byte	0x1
 857 0251 9B       		.byte	0x9b
ARM GAS  C:\Users\Kervins\AppData\Local\Temp\ccOiT2TQ.s 			page 22


 858 0252 A7000000 		.4byte	0xa7
 859 0256 02       		.uleb128 0x2
 860 0257 91       		.byte	0x91
 861 0258 74       		.sleb128 -12
 862 0259 12       		.uleb128 0x12
 863 025a 27020000 		.4byte	.LASF35
 864 025e 01       		.byte	0x1
 865 025f 9C       		.byte	0x9c
 866 0260 86000000 		.4byte	0x86
 867 0264 02       		.uleb128 0x2
 868 0265 91       		.byte	0x91
 869 0266 73       		.sleb128 -13
 870 0267 12       		.uleb128 0x12
 871 0268 D7010000 		.4byte	.LASF36
 872 026c 01       		.byte	0x1
 873 026d 9D       		.byte	0x9d
 874 026e 86000000 		.4byte	0x86
 875 0272 02       		.uleb128 0x2
 876 0273 91       		.byte	0x91
 877 0274 72       		.sleb128 -14
 878 0275 00       		.byte	0
 879 0276 13       		.uleb128 0x13
 880 0277 9C000000 		.4byte	0x9c
 881 027b 14       		.uleb128 0x14
 882 027c 3F000000 		.4byte	.LASF37
 883 0280 01       		.byte	0x1
 884 0281 C3       		.byte	0xc3
 885 0282 A4000000 		.4byte	.LFB6
 886 0286 B4000000 		.4byte	.LFE6-.LFB6
 887 028a 01       		.uleb128 0x1
 888 028b 9C       		.byte	0x9c
 889 028c 15       		.uleb128 0x15
 890 028d 0D000000 		.4byte	.LASF38
 891 0291 01       		.byte	0x1
 892 0292 0001     		.2byte	0x100
 893 0294 00000000 		.4byte	.LFB7
 894 0298 28000000 		.4byte	.LFE7-.LFB7
 895 029c 01       		.uleb128 0x1
 896 029d 9C       		.byte	0x9c
 897 029e 16       		.uleb128 0x16
 898 029f 5C010000 		.4byte	.LASF46
 899 02a3 01       		.byte	0x1
 900 02a4 1B01     		.2byte	0x11b
 901 02a6 58010000 		.4byte	.LFB8
 902 02aa E0000000 		.4byte	.LFE8-.LFB8
 903 02ae 01       		.uleb128 0x1
 904 02af 9C       		.byte	0x9c
 905 02b0 17       		.uleb128 0x17
 906 02b1 66010000 		.4byte	.LBB2
 907 02b5 A4000000 		.4byte	.LBE2-.LBB2
 908 02b9 18       		.uleb128 0x18
 909 02ba 06       		.byte	0x6
 910 02bb 01       		.byte	0x1
 911 02bc 2401     		.2byte	0x124
 912 02be DD020000 		.4byte	0x2dd
 913 02c2 19       		.uleb128 0x19
 914 02c3 69010000 		.4byte	.LASF39
ARM GAS  C:\Users\Kervins\AppData\Local\Temp\ccOiT2TQ.s 			page 23


 915 02c7 01       		.byte	0x1
 916 02c8 2501     		.2byte	0x125
 917 02ca 7D000000 		.4byte	0x7d
 918 02ce 00       		.byte	0
 919 02cf 19       		.uleb128 0x19
 920 02d0 D0000000 		.4byte	.LASF40
 921 02d4 01       		.byte	0x1
 922 02d5 2601     		.2byte	0x126
 923 02d7 91000000 		.4byte	0x91
 924 02db 04       		.byte	0x4
 925 02dc 00       		.byte	0
 926 02dd 06       		.uleb128 0x6
 927 02de 99010000 		.4byte	.LASF41
 928 02e2 01       		.byte	0x1
 929 02e3 2701     		.2byte	0x127
 930 02e5 B9020000 		.4byte	0x2b9
 931 02e9 10       		.uleb128 0x10
 932 02ea DD020000 		.4byte	0x2dd
 933 02ee F9020000 		.4byte	0x2f9
 934 02f2 11       		.uleb128 0x11
 935 02f3 76000000 		.4byte	0x76
 936 02f7 01       		.byte	0x1
 937 02f8 00       		.byte	0
 938 02f9 1A       		.uleb128 0x1a
 939 02fa 2F000000 		.4byte	.LASF42
 940 02fe 01       		.byte	0x1
 941 02ff 2901     		.2byte	0x129
 942 0301 0B030000 		.4byte	0x30b
 943 0305 05       		.uleb128 0x5
 944 0306 03       		.byte	0x3
 945 0307 04000000 		.4byte	cfg_memset_list.4742
 946 030b 13       		.uleb128 0x13
 947 030c E9020000 		.4byte	0x2e9
 948 0310 1B       		.uleb128 0x1b
 949 0311 6900     		.ascii	"i\000"
 950 0313 01       		.byte	0x1
 951 0314 2F01     		.2byte	0x12f
 952 0316 86000000 		.4byte	0x86
 953 031a 02       		.uleb128 0x2
 954 031b 91       		.byte	0x91
 955 031c 77       		.sleb128 -9
 956 031d 17       		.uleb128 0x17
 957 031e 6E010000 		.4byte	.LBB3
 958 0322 3E000000 		.4byte	.LBE3-.LBB3
 959 0326 1B       		.uleb128 0x1b
 960 0327 6D7300   		.ascii	"ms\000"
 961 032a 01       		.byte	0x1
 962 032b 3401     		.2byte	0x134
 963 032d 34030000 		.4byte	0x334
 964 0331 02       		.uleb128 0x2
 965 0332 91       		.byte	0x91
 966 0333 70       		.sleb128 -16
 967 0334 0B       		.uleb128 0xb
 968 0335 04       		.byte	0x4
 969 0336 3A030000 		.4byte	0x33a
 970 033a 13       		.uleb128 0x13
 971 033b DD020000 		.4byte	0x2dd
ARM GAS  C:\Users\Kervins\AppData\Local\Temp\ccOiT2TQ.s 			page 24


 972 033f 00       		.byte	0
 973 0340 00       		.byte	0
 974 0341 00       		.byte	0
 975 0342 00       		.byte	0
 976              		.section	.debug_abbrev,"",%progbits
 977              	.Ldebug_abbrev0:
 978 0000 01       		.uleb128 0x1
 979 0001 11       		.uleb128 0x11
 980 0002 01       		.byte	0x1
 981 0003 25       		.uleb128 0x25
 982 0004 0E       		.uleb128 0xe
 983 0005 13       		.uleb128 0x13
 984 0006 0B       		.uleb128 0xb
 985 0007 03       		.uleb128 0x3
 986 0008 0E       		.uleb128 0xe
 987 0009 1B       		.uleb128 0x1b
 988 000a 0E       		.uleb128 0xe
 989 000b 55       		.uleb128 0x55
 990 000c 17       		.uleb128 0x17
 991 000d 11       		.uleb128 0x11
 992 000e 01       		.uleb128 0x1
 993 000f 10       		.uleb128 0x10
 994 0010 17       		.uleb128 0x17
 995 0011 00       		.byte	0
 996 0012 00       		.byte	0
 997 0013 02       		.uleb128 0x2
 998 0014 24       		.uleb128 0x24
 999 0015 00       		.byte	0
 1000 0016 0B       		.uleb128 0xb
 1001 0017 0B       		.uleb128 0xb
 1002 0018 3E       		.uleb128 0x3e
 1003 0019 0B       		.uleb128 0xb
 1004 001a 03       		.uleb128 0x3
 1005 001b 08       		.uleb128 0x8
 1006 001c 00       		.byte	0
 1007 001d 00       		.byte	0
 1008 001e 03       		.uleb128 0x3
 1009 001f 16       		.uleb128 0x16
 1010 0020 00       		.byte	0
 1011 0021 03       		.uleb128 0x3
 1012 0022 0E       		.uleb128 0xe
 1013 0023 3A       		.uleb128 0x3a
 1014 0024 0B       		.uleb128 0xb
 1015 0025 3B       		.uleb128 0x3b
 1016 0026 0B       		.uleb128 0xb
 1017 0027 49       		.uleb128 0x49
 1018 0028 13       		.uleb128 0x13
 1019 0029 00       		.byte	0
 1020 002a 00       		.byte	0
 1021 002b 04       		.uleb128 0x4
 1022 002c 24       		.uleb128 0x24
 1023 002d 00       		.byte	0
 1024 002e 0B       		.uleb128 0xb
 1025 002f 0B       		.uleb128 0xb
 1026 0030 3E       		.uleb128 0x3e
 1027 0031 0B       		.uleb128 0xb
 1028 0032 03       		.uleb128 0x3
ARM GAS  C:\Users\Kervins\AppData\Local\Temp\ccOiT2TQ.s 			page 25


 1029 0033 0E       		.uleb128 0xe
 1030 0034 00       		.byte	0
 1031 0035 00       		.byte	0
 1032 0036 05       		.uleb128 0x5
 1033 0037 0F       		.uleb128 0xf
 1034 0038 00       		.byte	0
 1035 0039 0B       		.uleb128 0xb
 1036 003a 0B       		.uleb128 0xb
 1037 003b 00       		.byte	0
 1038 003c 00       		.byte	0
 1039 003d 06       		.uleb128 0x6
 1040 003e 16       		.uleb128 0x16
 1041 003f 00       		.byte	0
 1042 0040 03       		.uleb128 0x3
 1043 0041 0E       		.uleb128 0xe
 1044 0042 3A       		.uleb128 0x3a
 1045 0043 0B       		.uleb128 0xb
 1046 0044 3B       		.uleb128 0x3b
 1047 0045 05       		.uleb128 0x5
 1048 0046 49       		.uleb128 0x49
 1049 0047 13       		.uleb128 0x13
 1050 0048 00       		.byte	0
 1051 0049 00       		.byte	0
 1052 004a 07       		.uleb128 0x7
 1053 004b 35       		.uleb128 0x35
 1054 004c 00       		.byte	0
 1055 004d 49       		.uleb128 0x49
 1056 004e 13       		.uleb128 0x13
 1057 004f 00       		.byte	0
 1058 0050 00       		.byte	0
 1059 0051 08       		.uleb128 0x8
 1060 0052 2E       		.uleb128 0x2e
 1061 0053 01       		.byte	0x1
 1062 0054 03       		.uleb128 0x3
 1063 0055 0E       		.uleb128 0xe
 1064 0056 3A       		.uleb128 0x3a
 1065 0057 0B       		.uleb128 0xb
 1066 0058 3B       		.uleb128 0x3b
 1067 0059 0B       		.uleb128 0xb
 1068 005a 27       		.uleb128 0x27
 1069 005b 19       		.uleb128 0x19
 1070 005c 11       		.uleb128 0x11
 1071 005d 01       		.uleb128 0x1
 1072 005e 12       		.uleb128 0x12
 1073 005f 06       		.uleb128 0x6
 1074 0060 40       		.uleb128 0x40
 1075 0061 18       		.uleb128 0x18
 1076 0062 9642     		.uleb128 0x2116
 1077 0064 19       		.uleb128 0x19
 1078 0065 01       		.uleb128 0x1
 1079 0066 13       		.uleb128 0x13
 1080 0067 00       		.byte	0
 1081 0068 00       		.byte	0
 1082 0069 09       		.uleb128 0x9
 1083 006a 05       		.uleb128 0x5
 1084 006b 00       		.byte	0
 1085 006c 03       		.uleb128 0x3
ARM GAS  C:\Users\Kervins\AppData\Local\Temp\ccOiT2TQ.s 			page 26


 1086 006d 08       		.uleb128 0x8
 1087 006e 3A       		.uleb128 0x3a
 1088 006f 0B       		.uleb128 0xb
 1089 0070 3B       		.uleb128 0x3b
 1090 0071 0B       		.uleb128 0xb
 1091 0072 49       		.uleb128 0x49
 1092 0073 13       		.uleb128 0x13
 1093 0074 02       		.uleb128 0x2
 1094 0075 18       		.uleb128 0x18
 1095 0076 00       		.byte	0
 1096 0077 00       		.byte	0
 1097 0078 0A       		.uleb128 0xa
 1098 0079 05       		.uleb128 0x5
 1099 007a 00       		.byte	0
 1100 007b 03       		.uleb128 0x3
 1101 007c 0E       		.uleb128 0xe
 1102 007d 3A       		.uleb128 0x3a
 1103 007e 0B       		.uleb128 0xb
 1104 007f 3B       		.uleb128 0x3b
 1105 0080 0B       		.uleb128 0xb
 1106 0081 49       		.uleb128 0x49
 1107 0082 13       		.uleb128 0x13
 1108 0083 02       		.uleb128 0x2
 1109 0084 18       		.uleb128 0x18
 1110 0085 00       		.byte	0
 1111 0086 00       		.byte	0
 1112 0087 0B       		.uleb128 0xb
 1113 0088 0F       		.uleb128 0xf
 1114 0089 00       		.byte	0
 1115 008a 0B       		.uleb128 0xb
 1116 008b 0B       		.uleb128 0xb
 1117 008c 49       		.uleb128 0x49
 1118 008d 13       		.uleb128 0x13
 1119 008e 00       		.byte	0
 1120 008f 00       		.byte	0
 1121 0090 0C       		.uleb128 0xc
 1122 0091 26       		.uleb128 0x26
 1123 0092 00       		.byte	0
 1124 0093 00       		.byte	0
 1125 0094 00       		.byte	0
 1126 0095 0D       		.uleb128 0xd
 1127 0096 2E       		.uleb128 0x2e
 1128 0097 01       		.byte	0x1
 1129 0098 03       		.uleb128 0x3
 1130 0099 0E       		.uleb128 0xe
 1131 009a 3A       		.uleb128 0x3a
 1132 009b 0B       		.uleb128 0xb
 1133 009c 3B       		.uleb128 0x3b
 1134 009d 0B       		.uleb128 0xb
 1135 009e 27       		.uleb128 0x27
 1136 009f 19       		.uleb128 0x19
 1137 00a0 11       		.uleb128 0x11
 1138 00a1 01       		.uleb128 0x1
 1139 00a2 12       		.uleb128 0x12
 1140 00a3 06       		.uleb128 0x6
 1141 00a4 40       		.uleb128 0x40
 1142 00a5 18       		.uleb128 0x18
ARM GAS  C:\Users\Kervins\AppData\Local\Temp\ccOiT2TQ.s 			page 27


 1143 00a6 9742     		.uleb128 0x2117
 1144 00a8 19       		.uleb128 0x19
 1145 00a9 01       		.uleb128 0x1
 1146 00aa 13       		.uleb128 0x13
 1147 00ab 00       		.byte	0
 1148 00ac 00       		.byte	0
 1149 00ad 0E       		.uleb128 0xe
 1150 00ae 13       		.uleb128 0x13
 1151 00af 01       		.byte	0x1
 1152 00b0 0B       		.uleb128 0xb
 1153 00b1 0B       		.uleb128 0xb
 1154 00b2 3A       		.uleb128 0x3a
 1155 00b3 0B       		.uleb128 0xb
 1156 00b4 3B       		.uleb128 0x3b
 1157 00b5 0B       		.uleb128 0xb
 1158 00b6 01       		.uleb128 0x1
 1159 00b7 13       		.uleb128 0x13
 1160 00b8 00       		.byte	0
 1161 00b9 00       		.byte	0
 1162 00ba 0F       		.uleb128 0xf
 1163 00bb 0D       		.uleb128 0xd
 1164 00bc 00       		.byte	0
 1165 00bd 03       		.uleb128 0x3
 1166 00be 0E       		.uleb128 0xe
 1167 00bf 3A       		.uleb128 0x3a
 1168 00c0 0B       		.uleb128 0xb
 1169 00c1 3B       		.uleb128 0x3b
 1170 00c2 0B       		.uleb128 0xb
 1171 00c3 49       		.uleb128 0x49
 1172 00c4 13       		.uleb128 0x13
 1173 00c5 38       		.uleb128 0x38
 1174 00c6 0B       		.uleb128 0xb
 1175 00c7 00       		.byte	0
 1176 00c8 00       		.byte	0
 1177 00c9 10       		.uleb128 0x10
 1178 00ca 01       		.uleb128 0x1
 1179 00cb 01       		.byte	0x1
 1180 00cc 49       		.uleb128 0x49
 1181 00cd 13       		.uleb128 0x13
 1182 00ce 01       		.uleb128 0x1
 1183 00cf 13       		.uleb128 0x13
 1184 00d0 00       		.byte	0
 1185 00d1 00       		.byte	0
 1186 00d2 11       		.uleb128 0x11
 1187 00d3 21       		.uleb128 0x21
 1188 00d4 00       		.byte	0
 1189 00d5 49       		.uleb128 0x49
 1190 00d6 13       		.uleb128 0x13
 1191 00d7 2F       		.uleb128 0x2f
 1192 00d8 0B       		.uleb128 0xb
 1193 00d9 00       		.byte	0
 1194 00da 00       		.byte	0
 1195 00db 12       		.uleb128 0x12
 1196 00dc 34       		.uleb128 0x34
 1197 00dd 00       		.byte	0
 1198 00de 03       		.uleb128 0x3
 1199 00df 0E       		.uleb128 0xe
ARM GAS  C:\Users\Kervins\AppData\Local\Temp\ccOiT2TQ.s 			page 28


 1200 00e0 3A       		.uleb128 0x3a
 1201 00e1 0B       		.uleb128 0xb
 1202 00e2 3B       		.uleb128 0x3b
 1203 00e3 0B       		.uleb128 0xb
 1204 00e4 49       		.uleb128 0x49
 1205 00e5 13       		.uleb128 0x13
 1206 00e6 02       		.uleb128 0x2
 1207 00e7 18       		.uleb128 0x18
 1208 00e8 00       		.byte	0
 1209 00e9 00       		.byte	0
 1210 00ea 13       		.uleb128 0x13
 1211 00eb 26       		.uleb128 0x26
 1212 00ec 00       		.byte	0
 1213 00ed 49       		.uleb128 0x49
 1214 00ee 13       		.uleb128 0x13
 1215 00ef 00       		.byte	0
 1216 00f0 00       		.byte	0
 1217 00f1 14       		.uleb128 0x14
 1218 00f2 2E       		.uleb128 0x2e
 1219 00f3 00       		.byte	0
 1220 00f4 03       		.uleb128 0x3
 1221 00f5 0E       		.uleb128 0xe
 1222 00f6 3A       		.uleb128 0x3a
 1223 00f7 0B       		.uleb128 0xb
 1224 00f8 3B       		.uleb128 0x3b
 1225 00f9 0B       		.uleb128 0xb
 1226 00fa 27       		.uleb128 0x27
 1227 00fb 19       		.uleb128 0x19
 1228 00fc 11       		.uleb128 0x11
 1229 00fd 01       		.uleb128 0x1
 1230 00fe 12       		.uleb128 0x12
 1231 00ff 06       		.uleb128 0x6
 1232 0100 40       		.uleb128 0x40
 1233 0101 18       		.uleb128 0x18
 1234 0102 9642     		.uleb128 0x2116
 1235 0104 19       		.uleb128 0x19
 1236 0105 00       		.byte	0
 1237 0106 00       		.byte	0
 1238 0107 15       		.uleb128 0x15
 1239 0108 2E       		.uleb128 0x2e
 1240 0109 00       		.byte	0
 1241 010a 03       		.uleb128 0x3
 1242 010b 0E       		.uleb128 0xe
 1243 010c 3A       		.uleb128 0x3a
 1244 010d 0B       		.uleb128 0xb
 1245 010e 3B       		.uleb128 0x3b
 1246 010f 05       		.uleb128 0x5
 1247 0110 27       		.uleb128 0x27
 1248 0111 19       		.uleb128 0x19
 1249 0112 11       		.uleb128 0x11
 1250 0113 01       		.uleb128 0x1
 1251 0114 12       		.uleb128 0x12
 1252 0115 06       		.uleb128 0x6
 1253 0116 40       		.uleb128 0x40
 1254 0117 18       		.uleb128 0x18
 1255 0118 9742     		.uleb128 0x2117
 1256 011a 19       		.uleb128 0x19
ARM GAS  C:\Users\Kervins\AppData\Local\Temp\ccOiT2TQ.s 			page 29


 1257 011b 00       		.byte	0
 1258 011c 00       		.byte	0
 1259 011d 16       		.uleb128 0x16
 1260 011e 2E       		.uleb128 0x2e
 1261 011f 01       		.byte	0x1
 1262 0120 3F       		.uleb128 0x3f
 1263 0121 19       		.uleb128 0x19
 1264 0122 03       		.uleb128 0x3
 1265 0123 0E       		.uleb128 0xe
 1266 0124 3A       		.uleb128 0x3a
 1267 0125 0B       		.uleb128 0xb
 1268 0126 3B       		.uleb128 0x3b
 1269 0127 05       		.uleb128 0x5
 1270 0128 27       		.uleb128 0x27
 1271 0129 19       		.uleb128 0x19
 1272 012a 11       		.uleb128 0x11
 1273 012b 01       		.uleb128 0x1
 1274 012c 12       		.uleb128 0x12
 1275 012d 06       		.uleb128 0x6
 1276 012e 40       		.uleb128 0x40
 1277 012f 18       		.uleb128 0x18
 1278 0130 9642     		.uleb128 0x2116
 1279 0132 19       		.uleb128 0x19
 1280 0133 00       		.byte	0
 1281 0134 00       		.byte	0
 1282 0135 17       		.uleb128 0x17
 1283 0136 0B       		.uleb128 0xb
 1284 0137 01       		.byte	0x1
 1285 0138 11       		.uleb128 0x11
 1286 0139 01       		.uleb128 0x1
 1287 013a 12       		.uleb128 0x12
 1288 013b 06       		.uleb128 0x6
 1289 013c 00       		.byte	0
 1290 013d 00       		.byte	0
 1291 013e 18       		.uleb128 0x18
 1292 013f 13       		.uleb128 0x13
 1293 0140 01       		.byte	0x1
 1294 0141 0B       		.uleb128 0xb
 1295 0142 0B       		.uleb128 0xb
 1296 0143 3A       		.uleb128 0x3a
 1297 0144 0B       		.uleb128 0xb
 1298 0145 3B       		.uleb128 0x3b
 1299 0146 05       		.uleb128 0x5
 1300 0147 01       		.uleb128 0x1
 1301 0148 13       		.uleb128 0x13
 1302 0149 00       		.byte	0
 1303 014a 00       		.byte	0
 1304 014b 19       		.uleb128 0x19
 1305 014c 0D       		.uleb128 0xd
 1306 014d 00       		.byte	0
 1307 014e 03       		.uleb128 0x3
 1308 014f 0E       		.uleb128 0xe
 1309 0150 3A       		.uleb128 0x3a
 1310 0151 0B       		.uleb128 0xb
 1311 0152 3B       		.uleb128 0x3b
 1312 0153 05       		.uleb128 0x5
 1313 0154 49       		.uleb128 0x49
ARM GAS  C:\Users\Kervins\AppData\Local\Temp\ccOiT2TQ.s 			page 30


 1314 0155 13       		.uleb128 0x13
 1315 0156 38       		.uleb128 0x38
 1316 0157 0B       		.uleb128 0xb
 1317 0158 00       		.byte	0
 1318 0159 00       		.byte	0
 1319 015a 1A       		.uleb128 0x1a
 1320 015b 34       		.uleb128 0x34
 1321 015c 00       		.byte	0
 1322 015d 03       		.uleb128 0x3
 1323 015e 0E       		.uleb128 0xe
 1324 015f 3A       		.uleb128 0x3a
 1325 0160 0B       		.uleb128 0xb
 1326 0161 3B       		.uleb128 0x3b
 1327 0162 05       		.uleb128 0x5
 1328 0163 49       		.uleb128 0x49
 1329 0164 13       		.uleb128 0x13
 1330 0165 02       		.uleb128 0x2
 1331 0166 18       		.uleb128 0x18
 1332 0167 00       		.byte	0
 1333 0168 00       		.byte	0
 1334 0169 1B       		.uleb128 0x1b
 1335 016a 34       		.uleb128 0x34
 1336 016b 00       		.byte	0
 1337 016c 03       		.uleb128 0x3
 1338 016d 08       		.uleb128 0x8
 1339 016e 3A       		.uleb128 0x3a
 1340 016f 0B       		.uleb128 0xb
 1341 0170 3B       		.uleb128 0x3b
 1342 0171 05       		.uleb128 0x5
 1343 0172 49       		.uleb128 0x49
 1344 0173 13       		.uleb128 0x13
 1345 0174 02       		.uleb128 0x2
 1346 0175 18       		.uleb128 0x18
 1347 0176 00       		.byte	0
 1348 0177 00       		.byte	0
 1349 0178 00       		.byte	0
 1350              		.section	.debug_aranges,"",%progbits
 1351 0000 4C000000 		.4byte	0x4c
 1352 0004 0200     		.2byte	0x2
 1353 0006 00000000 		.4byte	.Ldebug_info0
 1354 000a 04       		.byte	0x4
 1355 000b 00       		.byte	0
 1356 000c 0000     		.2byte	0
 1357 000e 0000     		.2byte	0
 1358 0010 00000000 		.4byte	.LFB2
 1359 0014 1E000000 		.4byte	.LFE2-.LFB2
 1360 0018 00000000 		.4byte	.LFB3
 1361 001c 22000000 		.4byte	.LFE3-.LFB3
 1362 0020 00000000 		.4byte	.LFB4
 1363 0024 22000000 		.4byte	.LFE4-.LFB4
 1364 0028 00000000 		.4byte	.LFB5
 1365 002c A4000000 		.4byte	.LFE5-.LFB5
 1366 0030 A4000000 		.4byte	.LFB6
 1367 0034 B4000000 		.4byte	.LFE6-.LFB6
 1368 0038 00000000 		.4byte	.LFB7
 1369 003c 28000000 		.4byte	.LFE7-.LFB7
 1370 0040 58010000 		.4byte	.LFB8
ARM GAS  C:\Users\Kervins\AppData\Local\Temp\ccOiT2TQ.s 			page 31


 1371 0044 E0000000 		.4byte	.LFE8-.LFB8
 1372 0048 00000000 		.4byte	0
 1373 004c 00000000 		.4byte	0
 1374              		.section	.debug_ranges,"",%progbits
 1375              	.Ldebug_ranges0:
 1376 0000 00000000 		.4byte	.LFB2
 1377 0004 1E000000 		.4byte	.LFE2
 1378 0008 00000000 		.4byte	.LFB3
 1379 000c 22000000 		.4byte	.LFE3
 1380 0010 00000000 		.4byte	.LFB4
 1381 0014 22000000 		.4byte	.LFE4
 1382 0018 00000000 		.4byte	.LFB5
 1383 001c A4000000 		.4byte	.LFE5
 1384 0020 A4000000 		.4byte	.LFB6
 1385 0024 58010000 		.4byte	.LFE6
 1386 0028 00000000 		.4byte	.LFB7
 1387 002c 28000000 		.4byte	.LFE7
 1388 0030 58010000 		.4byte	.LFB8
 1389 0034 38020000 		.4byte	.LFE8
 1390 0038 00000000 		.4byte	0
 1391 003c 00000000 		.4byte	0
 1392              		.section	.debug_line,"",%progbits
 1393              	.Ldebug_line0:
 1394 0000 7D010000 		.section	.debug_str,"MS",%progbits,1
 1394      0200D000 
 1394      00000201 
 1394      FB0E0D00 
 1394      01010101 
 1395              	.LASF19:
 1396 0000 72656733 		.ascii	"reg32\000"
 1396      3200
 1397              	.LASF11:
 1398 0006 73697A65 		.ascii	"size_t\000"
 1398      5F7400
 1399              	.LASF38:
 1400 000d 416E616C 		.ascii	"AnalogSetDefault\000"
 1400      6F675365 
 1400      74446566 
 1400      61756C74 
 1400      00
 1401              	.LASF29:
 1402 001e 696D6F5F 		.ascii	"imo_trim_entry_t\000"
 1402      7472696D 
 1402      5F656E74 
 1402      72795F74 
 1402      00
 1403              	.LASF42:
 1404 002f 6366675F 		.ascii	"cfg_memset_list\000"
 1404      6D656D73 
 1404      65745F6C 
 1404      69737400 
 1405              	.LASF37:
 1406 003f 436C6F63 		.ascii	"ClockSetup\000"
 1406      6B536574 
 1406      757000
 1407              	.LASF28:
 1408 004a 746D7063 		.ascii	"tmpco\000"
ARM GAS  C:\Users\Kervins\AppData\Local\Temp\ccOiT2TQ.s 			page 32


 1408      6F00
 1409              	.LASF4:
 1410 0050 73686F72 		.ascii	"short unsigned int\000"
 1410      7420756E 
 1410      7369676E 
 1410      65642069 
 1410      6E7400
 1411              	.LASF3:
 1412 0063 73686F72 		.ascii	"short int\000"
 1412      7420696E 
 1412      7400
 1413              	.LASF24:
 1414 006d 53657449 		.ascii	"SetIMOBGTrims\000"
 1414      4D4F4247 
 1414      5472696D 
 1414      7300
 1415              	.LASF45:
 1416 007b 433A5C55 		.ascii	"C:\\Users\\Kervins\\Documents\\PSoC Creator\\lab 1\\"
 1416      73657273 
 1416      5C4B6572 
 1416      76696E73 
 1416      5C446F63 
 1417 00a9 44657369 		.ascii	"Design01.cydsn\000"
 1417      676E3031 
 1417      2E637964 
 1417      736E00
 1418              	.LASF16:
 1419 00b8 666C6F61 		.ascii	"float\000"
 1419      7400
 1420              	.LASF34:
 1421 00be 696D6F54 		.ascii	"imoTrimIndex\000"
 1421      72696D49 
 1421      6E646578 
 1421      00
 1422              	.LASF22:
 1423 00cb 64657374 		.ascii	"dest\000"
 1423      00
 1424              	.LASF40:
 1425 00d0 73697A65 		.ascii	"size\000"
 1425      00
 1426              	.LASF18:
 1427 00d5 72656738 		.ascii	"reg8\000"
 1427      00
 1428              	.LASF6:
 1429 00da 6C6F6E67 		.ascii	"long unsigned int\000"
 1429      20756E73 
 1429      69676E65 
 1429      6420696E 
 1429      7400
 1430              	.LASF15:
 1431 00ec 696E7433 		.ascii	"int32\000"
 1431      3200
 1432              	.LASF20:
 1433 00f2 43594D45 		.ascii	"CYMEMZERO\000"
 1433      4D5A4552 
 1433      4F00
 1434              	.LASF2:
ARM GAS  C:\Users\Kervins\AppData\Local\Temp\ccOiT2TQ.s 			page 33


 1435 00fc 756E7369 		.ascii	"unsigned char\000"
 1435      676E6564 
 1435      20636861 
 1435      7200
 1436              	.LASF17:
 1437 010a 646F7562 		.ascii	"double\000"
 1437      6C6500
 1438              	.LASF25:
 1439 0111 696D6F46 		.ascii	"imoFreq\000"
 1439      72657100 
 1440              	.LASF21:
 1441 0119 4359434F 		.ascii	"CYCONFIGCPY\000"
 1441      4E464947 
 1441      43505900 
 1442              	.LASF33:
 1443 0125 494D4F5F 		.ascii	"IMO_TRIM_FREQ_TABLE_ENTRIES\000"
 1443      5452494D 
 1443      5F465245 
 1443      515F5441 
 1443      424C455F 
 1444              	.LASF13:
 1445 0141 75696E74 		.ascii	"uint16\000"
 1445      313600
 1446              	.LASF14:
 1447 0148 75696E74 		.ascii	"uint32\000"
 1447      333200
 1448              	.LASF0:
 1449 014f 756E7369 		.ascii	"unsigned int\000"
 1449      676E6564 
 1449      20696E74 
 1449      00
 1450              	.LASF46:
 1451 015c 63796669 		.ascii	"cyfitter_cfg\000"
 1451      74746572 
 1451      5F636667 
 1451      00
 1452              	.LASF39:
 1453 0169 61646472 		.ascii	"address\000"
 1453      65737300 
 1454              	.LASF8:
 1455 0171 6C6F6E67 		.ascii	"long long unsigned int\000"
 1455      206C6F6E 
 1455      6720756E 
 1455      7369676E 
 1455      65642069 
 1456              	.LASF31:
 1457 0188 696D6F5F 		.ascii	"imo_trim_table_t\000"
 1457      7472696D 
 1457      5F746162 
 1457      6C655F74 
 1457      00
 1458              	.LASF41:
 1459 0199 6366675F 		.ascii	"cfg_memset_t\000"
 1459      6D656D73 
 1459      65745F74 
 1459      00
 1460              	.LASF44:
ARM GAS  C:\Users\Kervins\AppData\Local\Temp\ccOiT2TQ.s 			page 34


 1461 01a6 2E5C4765 		.ascii	".\\Generated_Source\\PSoC4\\cyfitter_cfg.c\000"
 1461      6E657261 
 1461      7465645F 
 1461      536F7572 
 1461      63655C50 
 1462              	.LASF9:
 1463 01ce 73697A65 		.ascii	"sizetype\000"
 1463      74797065 
 1463      00
 1464              	.LASF36:
 1465 01d7 73657454 		.ascii	"setTmpCo\000"
 1465      6D70436F 
 1465      00
 1466              	.LASF7:
 1467 01e0 6C6F6E67 		.ascii	"long long int\000"
 1467      206C6F6E 
 1467      6720696E 
 1467      7400
 1468              	.LASF10:
 1469 01ee 63686172 		.ascii	"char\000"
 1469      00
 1470              	.LASF27:
 1471 01f3 6162736F 		.ascii	"absolute\000"
 1471      6C757465 
 1471      00
 1472              	.LASF26:
 1473 01fc 66726571 		.ascii	"freq\000"
 1473      00
 1474              	.LASF12:
 1475 0201 75696E74 		.ascii	"uint8\000"
 1475      3800
 1476              	.LASF32:
 1477 0207 696D6F5F 		.ascii	"imo_trim_table\000"
 1477      7472696D 
 1477      5F746162 
 1477      6C6500
 1478              	.LASF5:
 1479 0216 6C6F6E67 		.ascii	"long int\000"
 1479      20696E74 
 1479      00
 1480              	.LASF30:
 1481 021f 656E7472 		.ascii	"entries\000"
 1481      69657300 
 1482              	.LASF35:
 1483 0227 73657441 		.ascii	"setAbs\000"
 1483      627300
 1484              	.LASF1:
 1485 022e 7369676E 		.ascii	"signed char\000"
 1485      65642063 
 1485      68617200 
 1486              	.LASF23:
 1487 023a 4359434F 		.ascii	"CYCONFIGCPYCODE\000"
 1487      4E464947 
 1487      43505943 
 1487      4F444500 
 1488              	.LASF43:
 1489 024a 474E5520 		.ascii	"GNU C 4.8.4 20140526 (release) [ARM/embedded-4_8-br"
ARM GAS  C:\Users\Kervins\AppData\Local\Temp\ccOiT2TQ.s 			page 35


 1489      4320342E 
 1489      382E3420 
 1489      32303134 
 1489      30353236 
 1490 027d 616E6368 		.ascii	"anch revision 211358] -mcpu=cortex-m0 -mthumb -g -O"
 1490      20726576 
 1490      6973696F 
 1490      6E203231 
 1490      31333538 
 1491 02b0 30202D66 		.ascii	"0 -ffunction-sections\000"
 1491      66756E63 
 1491      74696F6E 
 1491      2D736563 
 1491      74696F6E 
 1492              		.ident	"GCC: (GNU Tools for ARM Embedded Processors) 4.8.4 20140526 (release) [ARM/embedded-4_8-br
